<?xml version="1.0" encoding="utf-8"?><TestRun id="a9b5c84e-4e02-4c25-a143-2a76dbddbbe7" name="vseqa1@V-NAGAB77931A 2018-07-02 20:12:42" runUser="REDMOND\vseqa1" xmlns="http://microsoft.com/schemas/VisualStudio/TeamTest/2010"><Times creation="2018-07-02T20:12:42.9954265-07:00" queuing="2018-07-02T20:12:42.9954265-07:00" start="2018-07-02T20:11:33.9668096-07:00" finish="2018-07-02T20:16:18.4182519-07:00" /><TestSettings name="default" id="3a885339-2271-4ffd-83e5-9b1b298f35b7"><Deployment runDeploymentRoot="vseqa1_V-NAGAB77931A_2018-07-02_20_12_42" /></TestSettings><Results><UnitTestResult executionId="7b9c184a-53b8-4adb-83ab-ec25501133f5" testId="a9a6a987-2186-23b2-456a-70960f444b9f" testName="AddTestcasesToRootSuite" computerName="V-NAGAB77931A" duration="00:01:06.2478342" startTime="2018-07-02T20:11:36.6464648-07:00" endTime="2018-07-02T20:12:42.9485852-07:00" testType="13cdc9d9-ddb5-4fa4-a97d-d965ccfc6d4b" outcome="Passed" testListId="8c84fa94-04c1-424b-9868-57a2d4851a1d" relativeResultsDirectory="7b9c184a-53b8-4adb-83ab-ec25501133f5"><Output><StdOut>Debug Trace:
00:00.002  Test Start: 7/2/2018 8:11:36 PM (local) / 7/3/2018 3:11:36 AM (UTC)&#xD;
00:00.199  Could not load test plugins from assembly 'C:\t1\_work\t\TCM ExtendedClient L2 OnPrem\Microsoft.VisualStudio.Services.CloudConfiguration.dll': System.IO.FileNotFoundException: Could not load file or assembly 'Microsoft.Cloud.Metrics.Client, Version=2.2018.322.907, Culture=neutral, PublicKeyToken=31bf3856ad364e35' or one of its dependencies. The system cannot find the file specified.&#xD;
          File name: 'Microsoft.Cloud.Metrics.Client, Version=2.2018.322.907, Culture=neutral, PublicKeyToken=31bf3856ad364e35'&#xD;
             at System.Reflection.RuntimeAssembly.GetExportedTypes(RuntimeAssembly assembly, ObjectHandleOnStack retTypes)&#xD;
             at System.Reflection.RuntimeAssembly.GetExportedTypes()&#xD;
             at Vssf.TestFramework.Client.Common.Internal.PluginManager.GetPluginTypes(Type pluginBaseType, IEnumerable`1 assemblies) in D:\v2.0\P1\_work\2\s\Vssf\Client\TestFramework\Common\Framework\PluginManager.cs:line 66&#xD;
          &#xD;
          WRN: Assembly binding logging is turned OFF.&#xD;
          To enable assembly bind failure logging, set the registry value [HKLM\Software\Microsoft\Fusion!EnableLog] (DWORD) to 1.&#xD;
          Note: There is some performance penalty associated with assembly bind failure logging.&#xD;
          To turn this feature off, remove the registry value [HKLM\Software\Microsoft\Fusion!EnableLog].&#xD;
          .&#xD;
00:00.207  Loaded plugin types: LightRailSettingProviderPlugin, HostedDeploymentSettingsPlugin, OnPremisesSettingProviderPlugin&#xD;
00:00.225  HostedDeploymentSettingsPlugin: Please provide a valid SPS/MPS URL in runsettings as value for SPS/MPS target.&#xD;
00:00.226  No targets specified in the run settings, assuming this is an OnPrem run.&#xD;
00:00.400  Random Seed for this test: 66458937&#xD;
00:00.404  Created new TimeoutScope, 'Test: AddTestcasesToRootSuite:1@0', for 00:01:00 on thread 16.&#xD;
00:00.405  Created new TimeoutScope, 'TestFrameworkTestInitialize:2@1', for 00:00:10 on thread 16.&#xD;
00:00.406  TimeoutScope, 'Test: AddTestcasesToRootSuite:1', has been paused after 00:00:00.0017631.&#xD;
00:00.448  HostedDeploymentSettingsPlugin: Unable to query deploymentSettings of service with tag 'TfsOnPremises', as no valid SPS/MPS URL was provided in runsettings as value for SPS/MPS target.&#xD;
00:00.463  Could not load test plugins from assembly 'C:\t1\_work\t\TCM ExtendedClient L2 OnPrem\Microsoft.VisualStudio.Services.CloudConfiguration.dll': System.IO.FileNotFoundException: Could not load file or assembly 'Microsoft.Cloud.Metrics.Client, Version=2.2018.322.907, Culture=neutral, PublicKeyToken=31bf3856ad364e35' or one of its dependencies. The system cannot find the file specified.&#xD;
          File name: 'Microsoft.Cloud.Metrics.Client, Version=2.2018.322.907, Culture=neutral, PublicKeyToken=31bf3856ad364e35'&#xD;
             at System.Reflection.RuntimeAssembly.GetExportedTypes(RuntimeAssembly assembly, ObjectHandleOnStack retTypes)&#xD;
             at System.Reflection.RuntimeAssembly.GetExportedTypes()&#xD;
             at Vssf.TestFramework.Client.Common.Internal.PluginManager.GetPluginTypes(Type pluginBaseType, IEnumerable`1 assemblies) in D:\v2.0\P1\_work\2\s\Vssf\Client\TestFramework\Common\Framework\PluginManager.cs:line 66&#xD;
          &#xD;
          WRN: Assembly binding logging is turned OFF.&#xD;
          To enable assembly bind failure logging, set the registry value [HKLM\Software\Microsoft\Fusion!EnableLog] (DWORD) to 1.&#xD;
          Note: There is some performance penalty associated with assembly bind failure logging.&#xD;
          To turn this feature off, remove the registry value [HKLM\Software\Microsoft\Fusion!EnableLog].&#xD;
          .&#xD;
00:00.465  Loaded plugin types: ProjectHelperClientBase, ProjectHelperClient, TfsHostCreationHelper, HostCreationHelper, OrganizationHelperClient, FeatureAvailabilityHelperClient, IdentityHelperClient, UserHelperClient, TestFrameworkTagHelper&#xD;
00:00.467  Created new TimeoutScope, 'GetDeploymentId:3@2', for 00:04:00 on thread 16.&#xD;
00:00.467  TimeoutScope, 'TestFrameworkTestInitialize:2', has been paused after 00:00:00.0603042.&#xD;
Getting credentials for identifier '' and identityType 'L2.Administrator' =&gt; Authorization: Bearer eyJ0eXAiOiJKV1QiLCJhbGciOiJOb25lIn0.eyJJZGVudGl0eVR5cGVDbGFpbSI6IkwyLkFkbWluaXN0cmF0b3IiLCJpc3MiOiJMMiIsImF1ZCI6IkwyIiwibmJmIjoxNTMwNTg3NDk3LCJleHAiOjI1MzQwMjMwMDgwMH0.&#xD;
00:00.757  Web method running: [http://v-nagab77931a:8080/tfs/_apis/connectionData?connectOptions=1&amp;lastChangeId=-1&amp;lastChangeId64=-1] (GET)connectionData[connectionData] E2EId: 83941096-c41c-4105-8a65-f944c8751710&#xD;
00:01.640  Web method response: [http://v-nagab77931a:8080/tfs/_apis/connectionData?connectOptions=1&amp;lastChangeId=-1&amp;lastChangeId64=-1] (GET)connectionData[connectionData] E2EId: 83941096-c41c-4105-8a65-f944c8751710, ActivityId: 68e95179-022d-4bd6-90df-91127d95539f 882 ms&#xD;
00:01.857  TimeoutScope 'GetDeploymentId:3' ended after '00:00:01.3903019'.&#xD;
00:01.857  TimeoutScope, 'TestFrameworkTestInitialize:2', has been resumed at 00:00:00.0603069.&#xD;
00:01.858  TimeoutScope 'TestFrameworkTestInitialize:2' ended after '00:00:00.0604545'.&#xD;
00:01.858  TimeoutScope, 'Test: AddTestcasesToRootSuite:1', has been resumed at 00:00:00.0017640.&#xD;
00:01.872  Created new TimeoutScope, 'GetDeploymentId:4@1', for 00:04:00 on thread 16.&#xD;
00:01.872  TimeoutScope, 'Test: AddTestcasesToRootSuite:1', has been paused after 00:00:00.0158671.&#xD;
00:01.921  Web method running: [http://v-nagab77931a:8080/tfs/_apis/connectionData?connectOptions=0&amp;lastChangeId=6&amp;lastChangeId64=6] (GET)connectionData[connectionData] E2EId: 6edf607a-33a2-4f53-b823-69c382b4152c&#xD;
00:01.930  Web method response: [http://v-nagab77931a:8080/tfs/_apis/connectionData?connectOptions=0&amp;lastChangeId=6&amp;lastChangeId64=6] (GET)connectionData[connectionData] E2EId: 6edf607a-33a2-4f53-b823-69c382b4152c, ActivityId: 68e9517a-022d-4bd6-90df-91127d95539f 8 ms&#xD;
00:01.936  TimeoutScope 'GetDeploymentId:4' ended after '00:00:00.0645132'.&#xD;
00:01.936  TimeoutScope, 'Test: AddTestcasesToRootSuite:1', has been resumed at 00:00:00.0158681.&#xD;
00:01.940  Tag: Default, Collection creation context: null&#xD;
00:01.943  TagHelper is getting a tag 'CollectionHostCreation.Default' on host 'ae82e5da-d7b7-47f0-b079-60f6f5bb4c44'.&#xD;
00:01.944  TagHelper did not find any cached tag 'CollectionHostCreation.Default' on host 'ae82e5da-d7b7-47f0-b079-60f6f5bb4c44'.&#xD;
00:01.944  TagHelper is retrieving tags from the source.&#xD;
00:01.949  Reading entries from the registry service with path: '/Configuration/TestFrameworkTag/**'.&#xD;
00:02.046  Web method running: [http://v-nagab77931a:8080/tfs/_apis/registry/registry?queryPath=%2FConfiguration%2FTestFrameworkTag%2F%2A%2A] (GET)registry[registry] E2EId: 8442a027-a458-412d-9bf5-b96370af7af2&#xD;
00:02.213  Web method response: [http://v-nagab77931a:8080/tfs/_apis/registry/registry?queryPath=%2FConfiguration%2FTestFrameworkTag%2F%2A%2A] (GET)registry[registry] E2EId: 8442a027-a458-412d-9bf5-b96370af7af2, ActivityId: 68e9517b-022d-4bd6-90df-91127d95539f 167 ms&#xD;
00:02.232  Web method running: [http://v-nagab77931a:8080/tfs/_apis/testcollection/testcollections] (GET)testcollections[testcollection] E2EId: 557f0f08-858c-4b63-88e8-07a6cdffcd0d&#xD;
00:02.456  Web method response: [http://v-nagab77931a:8080/tfs/_apis/testcollection/testcollections] (GET)testcollections[testcollection] E2EId: 557f0f08-858c-4b63-88e8-07a6cdffcd0d, ActivityId: 68e9517c-022d-4bd6-90df-91127d95539f 224 ms&#xD;
00:02.469  TagHelper is setting a tag 'CollectionHostCreation.Default' on host 'ae82e5da-d7b7-47f0-b079-60f6f5bb4c44' to '{"Id":"de108ff5-f4a8-4948-b1ec-3147b31f1465","Name":"46407190-89f3-4e58-9bad-783cbf2637fb_","Url":"http://v-nagab77931a:8080/tfs/46407190-89f3-4e58-9bad-783cbf2637fb_/","OrganizationId":"ae82e5da-d7b7-47f0-b079-60f6f5bb4c44","TenantId":"00000000-0000-0000-0000-000000000000"}'.&#xD;
00:02.471  Writing items to the registry service:&#xD;
00:02.471  /Configuration/TestFrameworkTag/ae82e5da-d7b7-47f0-b079-60f6f5bb4c44/CollectionHostCreation.Default: {"Id":"de108ff5-f4a8-4948-b1ec-3147b31f1465","Name":"46407190-89f3-4e58-9bad-783cbf2637fb_","Url":"http://v-nagab77931a:8080/tfs/46407190-89f3-4e58-9bad-783cbf2637fb_/","OrganizationId":"ae82e5da-d7b7-47f0-b079-60f6f5bb4c44","TenantId":"00000000-0000-0000-0000-000000000000"}&#xD;
00:02.480  Web method running: [http://v-nagab77931a:8080/tfs/_apis/registry/registry] (POST)registry[registry] E2EId: 2b5c866d-c21c-4bbd-91cd-358e88d8e0ba&#xD;
00:02.608  Web method response: [http://v-nagab77931a:8080/tfs/_apis/registry/registry] (POST)registry[registry] E2EId: 2b5c866d-c21c-4bbd-91cd-358e88d8e0ba, ActivityId: 68e9517d-022d-4bd6-90df-91127d95539f 127 ms&#xD;
00:02.615  Created new TimeoutScope, 'RetryHelper:5@1', for 00:00:10 on thread 16.&#xD;
00:02.615  TimeoutScope, 'Test: AddTestcasesToRootSuite:1', has been paused after 00:00:00.6948321.&#xD;
00:02.616  Looking for collection 'de108ff5-f4a8-4948-b1ec-3147b31f1465'.&#xD;
00:02.642  Web method running: [http://v-nagab77931a:8080/tfs/_apis/testcollection/testcollections/de108ff5-f4a8-4948-b1ec-3147b31f1465] (GET)de108ff5-f4a8-4948-b1ec-3147b31f1465[testcollection] E2EId: 60d90a3d-9eb1-4b09-9120-138ef797f7e7&#xD;
00:02.657  Web method response: [http://v-nagab77931a:8080/tfs/_apis/testcollection/testcollections/de108ff5-f4a8-4948-b1ec-3147b31f1465] (GET)de108ff5-f4a8-4948-b1ec-3147b31f1465[testcollection] E2EId: 60d90a3d-9eb1-4b09-9120-138ef797f7e7, ActivityId: 68e9517e-022d-4bd6-90df-91127d95539f 15 ms&#xD;
00:02.658  Retry succeeded after 1 tries and time of 00:00:00.0426268.&#xD;
00:02.658  TimeoutScope 'RetryHelper:5' ended after '00:00:00.0430087'.&#xD;
00:02.658  TimeoutScope, 'Test: AddTestcasesToRootSuite:1', has been resumed at 00:00:00.6948328.&#xD;
00:02.659  Test host created for ProjectCollection host de108ff5-f4a8-4948-b1ec-3147b31f1465 representing artifact http://v-nagab77931a:8080/tfs/46407190-89f3-4e58-9bad-783cbf2637fb_/ on service TfsOnPremises.&#xD;
00:02.669  TagHelper is getting a tag 'Project.PrivateAgileGit' on host 'de108ff5-f4a8-4948-b1ec-3147b31f1465'.&#xD;
00:02.669  TagHelper did not find any cached tag 'Project.PrivateAgileGit' on host 'de108ff5-f4a8-4948-b1ec-3147b31f1465'.&#xD;
00:02.724  Web method running: [http://v-nagab77931a:8080/tfs/46407190-89f3-4e58-9bad-783cbf2637fb_/_apis/connectionData?connectOptions=1&amp;lastChangeId=-1&amp;lastChangeId64=-1] (GET)connectionData[connectionData] E2EId: 7be30186-7954-41e7-adea-a3f0b1bd1213&#xD;
00:03.048  Web method response: [http://v-nagab77931a:8080/tfs/46407190-89f3-4e58-9bad-783cbf2637fb_/_apis/connectionData?connectOptions=1&amp;lastChangeId=-1&amp;lastChangeId64=-1] (GET)connectionData[connectionData] E2EId: 7be30186-7954-41e7-adea-a3f0b1bd1213, ActivityId: 68e9517f-022d-4bd6-90df-91127d95539f 323 ms&#xD;
00:03.128  Creating project: sdentifies people online. Impllowssy!n8d5e05805548ee6.&#xD;
00:03.129  Web method running: [http://v-nagab77931a:8080/tfs/46407190-89f3-4e58-9bad-783cbf2637fb_/_apis/projects] (POST)projects[projects] E2EId: 17bc8f35-523f-4b21-8bc9-7526dd14e05d&#xD;
00:04.106  Web method response: [http://v-nagab77931a:8080/tfs/46407190-89f3-4e58-9bad-783cbf2637fb_/_apis/projects] (POST)projects[projects] E2EId: 17bc8f35-523f-4b21-8bc9-7526dd14e05d, ActivityId: 68e95160-022d-4bd6-90df-91127d95539f 976 ms&#xD;
00:04.111  Created new TimeoutScope, 'RetryHelper:6@1', for 00:00:10 on thread 16.&#xD;
00:04.111  TimeoutScope, 'Test: AddTestcasesToRootSuite:1', has been paused after 00:00:02.1477693.&#xD;
00:04.111  Looking for collection 'de108ff5-f4a8-4948-b1ec-3147b31f1465'.&#xD;
00:04.111  Web method running: [http://v-nagab77931a:8080/tfs/_apis/testcollection/testcollections/de108ff5-f4a8-4948-b1ec-3147b31f1465] (GET)de108ff5-f4a8-4948-b1ec-3147b31f1465[testcollection] E2EId: 4a2e547e-b06e-47e3-8d23-4a88b50a85ed&#xD;
00:04.117  Web method response: [http://v-nagab77931a:8080/tfs/_apis/testcollection/testcollections/de108ff5-f4a8-4948-b1ec-3147b31f1465] (GET)de108ff5-f4a8-4948-b1ec-3147b31f1465[testcollection] E2EId: 4a2e547e-b06e-47e3-8d23-4a88b50a85ed, ActivityId: 68e95161-022d-4bd6-90df-91127d95539f 5 ms&#xD;
00:04.117  Retry succeeded after 1 tries and time of 00:00:00.0057866.&#xD;
00:04.117  TimeoutScope 'RetryHelper:6' ended after '00:00:00.0057782'.&#xD;
00:04.117  TimeoutScope, 'Test: AddTestcasesToRootSuite:1', has been resumed at 00:00:02.1477699.&#xD;
00:04.117  Test host created for ProjectCollection host de108ff5-f4a8-4948-b1ec-3147b31f1465 representing artifact http://v-nagab77931a:8080/tfs/46407190-89f3-4e58-9bad-783cbf2637fb_/ on service TfsOnPremises.&#xD;
00:04.162  Wait for job ea08d3e3-1b05-4e87-b004-7e2d71fbf645 to complete...&#xD;
00:04.162  Created new TimeoutScope, 'RetryHelper:7@1', for 00:02:00 on thread 16.&#xD;
00:04.162  TimeoutScope, 'Test: AddTestcasesToRootSuite:1', has been paused after 00:00:02.1924622.&#xD;
00:04.165  Web method running: [http://v-nagab77931a:8080/tfs/46407190-89f3-4e58-9bad-783cbf2637fb_/_apis/operations/ea08d3e3-1b05-4e87-b004-7e2d71fbf645] (GET)ea08d3e3-1b05-4e87-b004-7e2d71fbf645[operations] E2EId: d4705d6e-e42b-4b57-ad42-c13d13fc848c&#xD;
00:04.250  Web method response: [http://v-nagab77931a:8080/tfs/46407190-89f3-4e58-9bad-783cbf2637fb_/_apis/operations/ea08d3e3-1b05-4e87-b004-7e2d71fbf645] (GET)ea08d3e3-1b05-4e87-b004-7e2d71fbf645[operations] E2EId: d4705d6e-e42b-4b57-ad42-c13d13fc848c, ActivityId: 68e95162-022d-4bd6-90df-91127d95539f 85 ms&#xD;
00:04.259  Operation 'ea08d3e3-1b05-4e87-b004-7e2d71fbf645': Queued.&#xD;
00:05.266  Web method running: [http://v-nagab77931a:8080/tfs/46407190-89f3-4e58-9bad-783cbf2637fb_/_apis/operations/ea08d3e3-1b05-4e87-b004-7e2d71fbf645] (GET)ea08d3e3-1b05-4e87-b004-7e2d71fbf645[operations] E2EId: cc39da88-ebbe-4c48-a49e-edd9fdd04d06&#xD;
00:05.275  Web method response: [http://v-nagab77931a:8080/tfs/46407190-89f3-4e58-9bad-783cbf2637fb_/_apis/operations/ea08d3e3-1b05-4e87-b004-7e2d71fbf645] (GET)ea08d3e3-1b05-4e87-b004-7e2d71fbf645[operations] E2EId: cc39da88-ebbe-4c48-a49e-edd9fdd04d06, ActivityId: 68e95163-022d-4bd6-90df-91127d95539f 8 ms&#xD;
00:05.275  Operation 'ea08d3e3-1b05-4e87-b004-7e2d71fbf645': InProgress.&#xD;
00:06.282  Web method running: [http://v-nagab77931a:8080/tfs/46407190-89f3-4e58-9bad-783cbf2637fb_/_apis/operations/ea08d3e3-1b05-4e87-b004-7e2d71fbf645] (GET)ea08d3e3-1b05-4e87-b004-7e2d71fbf645[operations] E2EId: aade89c0-d978-4b64-8c1c-d960c2b71fb9&#xD;
00:06.288  Web method response: [http://v-nagab77931a:8080/tfs/46407190-89f3-4e58-9bad-783cbf2637fb_/_apis/operations/ea08d3e3-1b05-4e87-b004-7e2d71fbf645] (GET)ea08d3e3-1b05-4e87-b004-7e2d71fbf645[operations] E2EId: aade89c0-d978-4b64-8c1c-d960c2b71fb9, ActivityId: 68e95164-022d-4bd6-90df-91127d95539f 5 ms&#xD;
00:07.303  Web method running: [http://v-nagab77931a:8080/tfs/46407190-89f3-4e58-9bad-783cbf2637fb_/_apis/operations/ea08d3e3-1b05-4e87-b004-7e2d71fbf645] (GET)ea08d3e3-1b05-4e87-b004-7e2d71fbf645[operations] E2EId: b0fa0fb8-80c4-41a0-8037-f297ca53b86e&#xD;
00:07.310  Web method response: [http://v-nagab77931a:8080/tfs/46407190-89f3-4e58-9bad-783cbf2637fb_/_apis/operations/ea08d3e3-1b05-4e87-b004-7e2d71fbf645] (GET)ea08d3e3-1b05-4e87-b004-7e2d71fbf645[operations] E2EId: b0fa0fb8-80c4-41a0-8037-f297ca53b86e, ActivityId: 68e95165-022d-4bd6-90df-91127d95539f 7 ms&#xD;
00:08.318  Web method running: [http://v-nagab77931a:8080/tfs/46407190-89f3-4e58-9bad-783cbf2637fb_/_apis/operations/ea08d3e3-1b05-4e87-b004-7e2d71fbf645] (GET)ea08d3e3-1b05-4e87-b004-7e2d71fbf645[operations] E2EId: c17a3ec3-7c0b-400d-91b1-f65bc50225bb&#xD;
00:08.325  Web method response: [http://v-nagab77931a:8080/tfs/46407190-89f3-4e58-9bad-783cbf2637fb_/_apis/operations/ea08d3e3-1b05-4e87-b004-7e2d71fbf645] (GET)ea08d3e3-1b05-4e87-b004-7e2d71fbf645[operations] E2EId: c17a3ec3-7c0b-400d-91b1-f65bc50225bb, ActivityId: 68e95166-022d-4bd6-90df-91127d95539f 7 ms&#xD;
00:09.327  Web method running: [http://v-nagab77931a:8080/tfs/46407190-89f3-4e58-9bad-783cbf2637fb_/_apis/operations/ea08d3e3-1b05-4e87-b004-7e2d71fbf645] (GET)ea08d3e3-1b05-4e87-b004-7e2d71fbf645[operations] E2EId: 93d77e70-9676-44a8-bf37-eaeefb9ebd37&#xD;
00:09.334  Web method response: [http://v-nagab77931a:8080/tfs/46407190-89f3-4e58-9bad-783cbf2637fb_/_apis/operations/ea08d3e3-1b05-4e87-b004-7e2d71fbf645] (GET)ea08d3e3-1b05-4e87-b004-7e2d71fbf645[operations] E2EId: 93d77e70-9676-44a8-bf37-eaeefb9ebd37, ActivityId: 68e95167-022d-4bd6-90df-91127d95539f 6 ms&#xD;
00:10.356  Web method running: [http://v-nagab77931a:8080/tfs/46407190-89f3-4e58-9bad-783cbf2637fb_/_apis/operations/ea08d3e3-1b05-4e87-b004-7e2d71fbf645] (GET)ea08d3e3-1b05-4e87-b004-7e2d71fbf645[operations] E2EId: b2cd17ed-4878-41e5-b7ca-f327cd9bcd33&#xD;
00:10.364  Web method response: [http://v-nagab77931a:8080/tfs/46407190-89f3-4e58-9bad-783cbf2637fb_/_apis/operations/ea08d3e3-1b05-4e87-b004-7e2d71fbf645] (GET)ea08d3e3-1b05-4e87-b004-7e2d71fbf645[operations] E2EId: b2cd17ed-4878-41e5-b7ca-f327cd9bcd33, ActivityId: 68e95168-022d-4bd6-90df-91127d95539f 8 ms&#xD;
00:11.365  Web method running: [http://v-nagab77931a:8080/tfs/46407190-89f3-4e58-9bad-783cbf2637fb_/_apis/operations/ea08d3e3-1b05-4e87-b004-7e2d71fbf645] (GET)ea08d3e3-1b05-4e87-b004-7e2d71fbf645[operations] E2EId: c29becfa-a9c9-47e8-9a20-3d4688fa888c&#xD;
00:11.372  Web method response: [http://v-nagab77931a:8080/tfs/46407190-89f3-4e58-9bad-783cbf2637fb_/_apis/operations/ea08d3e3-1b05-4e87-b004-7e2d71fbf645] (GET)ea08d3e3-1b05-4e87-b004-7e2d71fbf645[operations] E2EId: c29becfa-a9c9-47e8-9a20-3d4688fa888c, ActivityId: 68e95169-022d-4bd6-90df-91127d95539f 6 ms&#xD;
00:12.381  Web method running: [http://v-nagab77931a:8080/tfs/46407190-89f3-4e58-9bad-783cbf2637fb_/_apis/operations/ea08d3e3-1b05-4e87-b004-7e2d71fbf645] (GET)ea08d3e3-1b05-4e87-b004-7e2d71fbf645[operations] E2EId: fe4bcad6-3a2b-4c5a-9e06-37894308283d&#xD;
00:12.389  Web method response: [http://v-nagab77931a:8080/tfs/46407190-89f3-4e58-9bad-783cbf2637fb_/_apis/operations/ea08d3e3-1b05-4e87-b004-7e2d71fbf645] (GET)ea08d3e3-1b05-4e87-b004-7e2d71fbf645[operations] E2EId: fe4bcad6-3a2b-4c5a-9e06-37894308283d, ActivityId: 68e9516a-022d-4bd6-90df-91127d95539f 7 ms&#xD;
00:13.396  Web method running: [http://v-nagab77931a:8080/tfs/46407190-89f3-4e58-9bad-783cbf2637fb_/_apis/operations/ea08d3e3-1b05-4e87-b004-7e2d71fbf645] (GET)ea08d3e3-1b05-4e87-b004-7e2d71fbf645[operations] E2EId: 13719d16-ca45-47a3-865e-ab17dcf2f54a&#xD;
00:13.403  Web method response: [http://v-nagab77931a:8080/tfs/46407190-89f3-4e58-9bad-783cbf2637fb_/_apis/operations/ea08d3e3-1b05-4e87-b004-7e2d71fbf645] (GET)ea08d3e3-1b05-4e87-b004-7e2d71fbf645[operations] E2EId: 13719d16-ca45-47a3-865e-ab17dcf2f54a, ActivityId: 68e9516b-022d-4bd6-90df-91127d95539f 7 ms&#xD;
00:14.413  Web method running: [http://v-nagab77931a:8080/tfs/46407190-89f3-4e58-9bad-783cbf2637fb_/_apis/operations/ea08d3e3-1b05-4e87-b004-7e2d71fbf645] (GET)ea08d3e3-1b05-4e87-b004-7e2d71fbf645[operations] E2EId: f6f9f84d-156d-48aa-9ed7-6cdefcfb73b5&#xD;
00:14.420  Web method response: [http://v-nagab77931a:8080/tfs/46407190-89f3-4e58-9bad-783cbf2637fb_/_apis/operations/ea08d3e3-1b05-4e87-b004-7e2d71fbf645] (GET)ea08d3e3-1b05-4e87-b004-7e2d71fbf645[operations] E2EId: f6f9f84d-156d-48aa-9ed7-6cdefcfb73b5, ActivityId: 68e9516c-022d-4bd6-90df-91127d95539f 7 ms&#xD;
00:15.428  Web method running: [http://v-nagab77931a:8080/tfs/46407190-89f3-4e58-9bad-783cbf2637fb_/_apis/operations/ea08d3e3-1b05-4e87-b004-7e2d71fbf645] (GET)ea08d3e3-1b05-4e87-b004-7e2d71fbf645[operations] E2EId: 83f2cdcb-1d26-486d-ac4d-9513c5f6edf4&#xD;
00:15.435  Web method response: [http://v-nagab77931a:8080/tfs/46407190-89f3-4e58-9bad-783cbf2637fb_/_apis/operations/ea08d3e3-1b05-4e87-b004-7e2d71fbf645] (GET)ea08d3e3-1b05-4e87-b004-7e2d71fbf645[operations] E2EId: 83f2cdcb-1d26-486d-ac4d-9513c5f6edf4, ActivityId: 68e9516d-022d-4bd6-90df-91127d95539f 6 ms&#xD;
00:16.444  Web method running: [http://v-nagab77931a:8080/tfs/46407190-89f3-4e58-9bad-783cbf2637fb_/_apis/operations/ea08d3e3-1b05-4e87-b004-7e2d71fbf645] (GET)ea08d3e3-1b05-4e87-b004-7e2d71fbf645[operations] E2EId: 69e331c4-62f8-4e0d-b3e0-2eee962934ec&#xD;
00:16.477  Web method response: [http://v-nagab77931a:8080/tfs/46407190-89f3-4e58-9bad-783cbf2637fb_/_apis/operations/ea08d3e3-1b05-4e87-b004-7e2d71fbf645] (GET)ea08d3e3-1b05-4e87-b004-7e2d71fbf645[operations] E2EId: 69e331c4-62f8-4e0d-b3e0-2eee962934ec, ActivityId: 68e9516e-022d-4bd6-90df-91127d95539f 32 ms&#xD;
00:17.491  Web method running: [http://v-nagab77931a:8080/tfs/46407190-89f3-4e58-9bad-783cbf2637fb_/_apis/operations/ea08d3e3-1b05-4e87-b004-7e2d71fbf645] (GET)ea08d3e3-1b05-4e87-b004-7e2d71fbf645[operations] E2EId: f2ff8ea3-846f-4b18-9cd2-e4415465a316&#xD;
00:17.498  Web method response: [http://v-nagab77931a:8080/tfs/46407190-89f3-4e58-9bad-783cbf2637fb_/_apis/operations/ea08d3e3-1b05-4e87-b004-7e2d71fbf645] (GET)ea08d3e3-1b05-4e87-b004-7e2d71fbf645[operations] E2EId: f2ff8ea3-846f-4b18-9cd2-e4415465a316, ActivityId: 68e9516f-022d-4bd6-90df-91127d95539f 7 ms&#xD;
00:18.510  Web method running: [http://v-nagab77931a:8080/tfs/46407190-89f3-4e58-9bad-783cbf2637fb_/_apis/operations/ea08d3e3-1b05-4e87-b004-7e2d71fbf645] (GET)ea08d3e3-1b05-4e87-b004-7e2d71fbf645[operations] E2EId: 5cb81483-8532-43d4-9ee7-2fbe4157fcf0&#xD;
00:18.517  Web method response: [http://v-nagab77931a:8080/tfs/46407190-89f3-4e58-9bad-783cbf2637fb_/_apis/operations/ea08d3e3-1b05-4e87-b004-7e2d71fbf645] (GET)ea08d3e3-1b05-4e87-b004-7e2d71fbf645[operations] E2EId: 5cb81483-8532-43d4-9ee7-2fbe4157fcf0, ActivityId: 68e95150-022d-4bd6-90df-91127d95539f 7 ms&#xD;
00:19.524  Web method running: [http://v-nagab77931a:8080/tfs/46407190-89f3-4e58-9bad-783cbf2637fb_/_apis/operations/ea08d3e3-1b05-4e87-b004-7e2d71fbf645] (GET)ea08d3e3-1b05-4e87-b004-7e2d71fbf645[operations] E2EId: 5ff82672-b32d-4ae8-a1c3-c7419fafedf5&#xD;
00:19.536  Web method response: [http://v-nagab77931a:8080/tfs/46407190-89f3-4e58-9bad-783cbf2637fb_/_apis/operations/ea08d3e3-1b05-4e87-b004-7e2d71fbf645] (GET)ea08d3e3-1b05-4e87-b004-7e2d71fbf645[operations] E2EId: 5ff82672-b32d-4ae8-a1c3-c7419fafedf5, ActivityId: 68e95151-022d-4bd6-90df-91127d95539f 11 ms&#xD;
00:20.547  Web method running: [http://v-nagab77931a:8080/tfs/46407190-89f3-4e58-9bad-783cbf2637fb_/_apis/operations/ea08d3e3-1b05-4e87-b004-7e2d71fbf645] (GET)ea08d3e3-1b05-4e87-b004-7e2d71fbf645[operations] E2EId: d3bc57d7-7b4a-490b-9a62-34a84e723e4b&#xD;
00:20.554  Web method response: [http://v-nagab77931a:8080/tfs/46407190-89f3-4e58-9bad-783cbf2637fb_/_apis/operations/ea08d3e3-1b05-4e87-b004-7e2d71fbf645] (GET)ea08d3e3-1b05-4e87-b004-7e2d71fbf645[operations] E2EId: d3bc57d7-7b4a-490b-9a62-34a84e723e4b, ActivityId: 68e95152-022d-4bd6-90df-91127d95539f 6 ms&#xD;
00:21.569  Web method running: [http://v-nagab77931a:8080/tfs/46407190-89f3-4e58-9bad-783cbf2637fb_/_apis/operations/ea08d3e3-1b05-4e87-b004-7e2d71fbf645] (GET)ea08d3e3-1b05-4e87-b004-7e2d71fbf645[operations] E2EId: 3f124188-e5ff-4e2d-a45e-ba9f816f2c41&#xD;
00:21.577  Web method response: [http://v-nagab77931a:8080/tfs/46407190-89f3-4e58-9bad-783cbf2637fb_/_apis/operations/ea08d3e3-1b05-4e87-b004-7e2d71fbf645] (GET)ea08d3e3-1b05-4e87-b004-7e2d71fbf645[operations] E2EId: 3f124188-e5ff-4e2d-a45e-ba9f816f2c41, ActivityId: 68e95153-022d-4bd6-90df-91127d95539f 7 ms&#xD;
00:22.593  Web method running: [http://v-nagab77931a:8080/tfs/46407190-89f3-4e58-9bad-783cbf2637fb_/_apis/operations/ea08d3e3-1b05-4e87-b004-7e2d71fbf645] (GET)ea08d3e3-1b05-4e87-b004-7e2d71fbf645[operations] E2EId: 589a950f-fa0e-47b4-981b-82e3a8f4b88c&#xD;
00:22.600  Web method response: [http://v-nagab77931a:8080/tfs/46407190-89f3-4e58-9bad-783cbf2637fb_/_apis/operations/ea08d3e3-1b05-4e87-b004-7e2d71fbf645] (GET)ea08d3e3-1b05-4e87-b004-7e2d71fbf645[operations] E2EId: 589a950f-fa0e-47b4-981b-82e3a8f4b88c, ActivityId: 68e95154-022d-4bd6-90df-91127d95539f 6 ms&#xD;
00:23.609  Web method running: [http://v-nagab77931a:8080/tfs/46407190-89f3-4e58-9bad-783cbf2637fb_/_apis/operations/ea08d3e3-1b05-4e87-b004-7e2d71fbf645] (GET)ea08d3e3-1b05-4e87-b004-7e2d71fbf645[operations] E2EId: 658afd54-62e5-44da-b871-8d252f915c71&#xD;
00:23.619  Web method response: [http://v-nagab77931a:8080/tfs/46407190-89f3-4e58-9bad-783cbf2637fb_/_apis/operations/ea08d3e3-1b05-4e87-b004-7e2d71fbf645] (GET)ea08d3e3-1b05-4e87-b004-7e2d71fbf645[operations] E2EId: 658afd54-62e5-44da-b871-8d252f915c71, ActivityId: 68e95155-022d-4bd6-90df-91127d95539f 9 ms&#xD;
00:24.648  Web method running: [http://v-nagab77931a:8080/tfs/46407190-89f3-4e58-9bad-783cbf2637fb_/_apis/operations/ea08d3e3-1b05-4e87-b004-7e2d71fbf645] (GET)ea08d3e3-1b05-4e87-b004-7e2d71fbf645[operations] E2EId: 4d5d9b5e-c1eb-4876-831e-5f5186819c4a&#xD;
00:24.656  Web method response: [http://v-nagab77931a:8080/tfs/46407190-89f3-4e58-9bad-783cbf2637fb_/_apis/operations/ea08d3e3-1b05-4e87-b004-7e2d71fbf645] (GET)ea08d3e3-1b05-4e87-b004-7e2d71fbf645[operations] E2EId: 4d5d9b5e-c1eb-4876-831e-5f5186819c4a, ActivityId: 68e95156-022d-4bd6-90df-91127d95539f 8 ms&#xD;
00:25.664  Web method running: [http://v-nagab77931a:8080/tfs/46407190-89f3-4e58-9bad-783cbf2637fb_/_apis/operations/ea08d3e3-1b05-4e87-b004-7e2d71fbf645] (GET)ea08d3e3-1b05-4e87-b004-7e2d71fbf645[operations] E2EId: ae8d9dfb-6bd2-4b6d-85e3-00526ec81c4c&#xD;
00:25.671  Web method response: [http://v-nagab77931a:8080/tfs/46407190-89f3-4e58-9bad-783cbf2637fb_/_apis/operations/ea08d3e3-1b05-4e87-b004-7e2d71fbf645] (GET)ea08d3e3-1b05-4e87-b004-7e2d71fbf645[operations] E2EId: ae8d9dfb-6bd2-4b6d-85e3-00526ec81c4c, ActivityId: 68e95157-022d-4bd6-90df-91127d95539f 7 ms&#xD;
00:26.687  Web method running: [http://v-nagab77931a:8080/tfs/46407190-89f3-4e58-9bad-783cbf2637fb_/_apis/operations/ea08d3e3-1b05-4e87-b004-7e2d71fbf645] (GET)ea08d3e3-1b05-4e87-b004-7e2d71fbf645[operations] E2EId: 6d814787-f1ec-4a75-bdfc-0628f068667f&#xD;
00:26.694  Web method response: [http://v-nagab77931a:8080/tfs/46407190-89f3-4e58-9bad-783cbf2637fb_/_apis/operations/ea08d3e3-1b05-4e87-b004-7e2d71fbf645] (GET)ea08d3e3-1b05-4e87-b004-7e2d71fbf645[operations] E2EId: 6d814787-f1ec-4a75-bdfc-0628f068667f, ActivityId: 68e95158-022d-4bd6-90df-91127d95539f 6 ms&#xD;
00:27.709  Web method running: [http://v-nagab77931a:8080/tfs/46407190-89f3-4e58-9bad-783cbf2637fb_/_apis/operations/ea08d3e3-1b05-4e87-b004-7e2d71fbf645] (GET)ea08d3e3-1b05-4e87-b004-7e2d71fbf645[operations] E2EId: 6bc977a0-6fe7-4a73-b46e-1829169175be&#xD;
00:27.716  Web method response: [http://v-nagab77931a:8080/tfs/46407190-89f3-4e58-9bad-783cbf2637fb_/_apis/operations/ea08d3e3-1b05-4e87-b004-7e2d71fbf645] (GET)ea08d3e3-1b05-4e87-b004-7e2d71fbf645[operations] E2EId: 6bc977a0-6fe7-4a73-b46e-1829169175be, ActivityId: 68e95159-022d-4bd6-90df-91127d95539f 6 ms&#xD;
00:28.721  Web method running: [http://v-nagab77931a:8080/tfs/46407190-89f3-4e58-9bad-783cbf2637fb_/_apis/operations/ea08d3e3-1b05-4e87-b004-7e2d71fbf645] (GET)ea08d3e3-1b05-4e87-b004-7e2d71fbf645[operations] E2EId: 5b81692b-fd53-44c6-8233-3473238e5173&#xD;
00:28.728  Web method response: [http://v-nagab77931a:8080/tfs/46407190-89f3-4e58-9bad-783cbf2637fb_/_apis/operations/ea08d3e3-1b05-4e87-b004-7e2d71fbf645] (GET)ea08d3e3-1b05-4e87-b004-7e2d71fbf645[operations] E2EId: 5b81692b-fd53-44c6-8233-3473238e5173, ActivityId: 68e9515a-022d-4bd6-90df-91127d95539f 6 ms&#xD;
00:29.742  Web method running: [http://v-nagab77931a:8080/tfs/46407190-89f3-4e58-9bad-783cbf2637fb_/_apis/operations/ea08d3e3-1b05-4e87-b004-7e2d71fbf645] (GET)ea08d3e3-1b05-4e87-b004-7e2d71fbf645[operations] E2EId: 73920df1-2091-4646-9b84-47647ed6811d&#xD;
00:29.749  Web method response: [http://v-nagab77931a:8080/tfs/46407190-89f3-4e58-9bad-783cbf2637fb_/_apis/operations/ea08d3e3-1b05-4e87-b004-7e2d71fbf645] (GET)ea08d3e3-1b05-4e87-b004-7e2d71fbf645[operations] E2EId: 73920df1-2091-4646-9b84-47647ed6811d, ActivityId: 68e9515b-022d-4bd6-90df-91127d95539f 6 ms&#xD;
00:30.753  Web method running: [http://v-nagab77931a:8080/tfs/46407190-89f3-4e58-9bad-783cbf2637fb_/_apis/operations/ea08d3e3-1b05-4e87-b004-7e2d71fbf645] (GET)ea08d3e3-1b05-4e87-b004-7e2d71fbf645[operations] E2EId: 92222762-3187-42e7-9066-bf01bd25100f&#xD;
00:30.760  Web method response: [http://v-nagab77931a:8080/tfs/46407190-89f3-4e58-9bad-783cbf2637fb_/_apis/operations/ea08d3e3-1b05-4e87-b004-7e2d71fbf645] (GET)ea08d3e3-1b05-4e87-b004-7e2d71fbf645[operations] E2EId: 92222762-3187-42e7-9066-bf01bd25100f, ActivityId: 68e9515c-022d-4bd6-90df-91127d95539f 7 ms&#xD;
00:31.767  Web method running: [http://v-nagab77931a:8080/tfs/46407190-89f3-4e58-9bad-783cbf2637fb_/_apis/operations/ea08d3e3-1b05-4e87-b004-7e2d71fbf645] (GET)ea08d3e3-1b05-4e87-b004-7e2d71fbf645[operations] E2EId: 8eaa4fd6-35a1-44c4-a376-1f50f4f4d832&#xD;
00:31.775  Web method response: [http://v-nagab77931a:8080/tfs/46407190-89f3-4e58-9bad-783cbf2637fb_/_apis/operations/ea08d3e3-1b05-4e87-b004-7e2d71fbf645] (GET)ea08d3e3-1b05-4e87-b004-7e2d71fbf645[operations] E2EId: 8eaa4fd6-35a1-44c4-a376-1f50f4f4d832, ActivityId: 68e9515d-022d-4bd6-90df-91127d95539f 7 ms&#xD;
00:32.788  Web method running: [http://v-nagab77931a:8080/tfs/46407190-89f3-4e58-9bad-783cbf2637fb_/_apis/operations/ea08d3e3-1b05-4e87-b004-7e2d71fbf645] (GET)ea08d3e3-1b05-4e87-b004-7e2d71fbf645[operations] E2EId: 7a0e92b3-cfa0-4baa-aebb-dd65040b8e31&#xD;
00:32.795  Web method response: [http://v-nagab77931a:8080/tfs/46407190-89f3-4e58-9bad-783cbf2637fb_/_apis/operations/ea08d3e3-1b05-4e87-b004-7e2d71fbf645] (GET)ea08d3e3-1b05-4e87-b004-7e2d71fbf645[operations] E2EId: 7a0e92b3-cfa0-4baa-aebb-dd65040b8e31, ActivityId: 68e9515e-022d-4bd6-90df-91127d95539f 6 ms&#xD;
00:33.807  Web method running: [http://v-nagab77931a:8080/tfs/46407190-89f3-4e58-9bad-783cbf2637fb_/_apis/operations/ea08d3e3-1b05-4e87-b004-7e2d71fbf645] (GET)ea08d3e3-1b05-4e87-b004-7e2d71fbf645[operations] E2EId: cce97d4b-1edf-45ed-918f-2d7c3ac32a0d&#xD;
00:33.814  Web method response: [http://v-nagab77931a:8080/tfs/46407190-89f3-4e58-9bad-783cbf2637fb_/_apis/operations/ea08d3e3-1b05-4e87-b004-7e2d71fbf645] (GET)ea08d3e3-1b05-4e87-b004-7e2d71fbf645[operations] E2EId: cce97d4b-1edf-45ed-918f-2d7c3ac32a0d, ActivityId: 68e9515f-022d-4bd6-90df-91127d95539f 6 ms&#xD;
00:34.819  Web method running: [http://v-nagab77931a:8080/tfs/46407190-89f3-4e58-9bad-783cbf2637fb_/_apis/operations/ea08d3e3-1b05-4e87-b004-7e2d71fbf645] (GET)ea08d3e3-1b05-4e87-b004-7e2d71fbf645[operations] E2EId: 291e8aa5-dc75-4e87-abb0-385e41f503da&#xD;
00:34.826  Web method response: [http://v-nagab77931a:8080/tfs/46407190-89f3-4e58-9bad-783cbf2637fb_/_apis/operations/ea08d3e3-1b05-4e87-b004-7e2d71fbf645] (GET)ea08d3e3-1b05-4e87-b004-7e2d71fbf645[operations] E2EId: 291e8aa5-dc75-4e87-abb0-385e41f503da, ActivityId: 68e95140-022d-4bd6-90df-91127d95539f 7 ms&#xD;
00:35.836  Web method running: [http://v-nagab77931a:8080/tfs/46407190-89f3-4e58-9bad-783cbf2637fb_/_apis/operations/ea08d3e3-1b05-4e87-b004-7e2d71fbf645] (GET)ea08d3e3-1b05-4e87-b004-7e2d71fbf645[operations] E2EId: 477d627a-3056-4980-aedb-90e22c8df963&#xD;
00:35.843  Web method response: [http://v-nagab77931a:8080/tfs/46407190-89f3-4e58-9bad-783cbf2637fb_/_apis/operations/ea08d3e3-1b05-4e87-b004-7e2d71fbf645] (GET)ea08d3e3-1b05-4e87-b004-7e2d71fbf645[operations] E2EId: 477d627a-3056-4980-aedb-90e22c8df963, ActivityId: 68e95141-022d-4bd6-90df-91127d95539f 7 ms&#xD;
00:36.857  Web method running: [http://v-nagab77931a:8080/tfs/46407190-89f3-4e58-9bad-783cbf2637fb_/_apis/operations/ea08d3e3-1b05-4e87-b004-7e2d71fbf645] (GET)ea08d3e3-1b05-4e87-b004-7e2d71fbf645[operations] E2EId: 0cae14b9-e30b-451d-804d-3c08bf598538&#xD;
00:36.866  Web method response: [http://v-nagab77931a:8080/tfs/46407190-89f3-4e58-9bad-783cbf2637fb_/_apis/operations/ea08d3e3-1b05-4e87-b004-7e2d71fbf645] (GET)ea08d3e3-1b05-4e87-b004-7e2d71fbf645[operations] E2EId: 0cae14b9-e30b-451d-804d-3c08bf598538, ActivityId: 68e95142-022d-4bd6-90df-91127d95539f 8 ms&#xD;
00:37.875  Web method running: [http://v-nagab77931a:8080/tfs/46407190-89f3-4e58-9bad-783cbf2637fb_/_apis/operations/ea08d3e3-1b05-4e87-b004-7e2d71fbf645] (GET)ea08d3e3-1b05-4e87-b004-7e2d71fbf645[operations] E2EId: 4184d5a5-303f-47ea-b799-8d19ae66654c&#xD;
00:37.882  Web method response: [http://v-nagab77931a:8080/tfs/46407190-89f3-4e58-9bad-783cbf2637fb_/_apis/operations/ea08d3e3-1b05-4e87-b004-7e2d71fbf645] (GET)ea08d3e3-1b05-4e87-b004-7e2d71fbf645[operations] E2EId: 4184d5a5-303f-47ea-b799-8d19ae66654c, ActivityId: 68e95143-022d-4bd6-90df-91127d95539f 6 ms&#xD;
00:38.884  Web method running: [http://v-nagab77931a:8080/tfs/46407190-89f3-4e58-9bad-783cbf2637fb_/_apis/operations/ea08d3e3-1b05-4e87-b004-7e2d71fbf645] (GET)ea08d3e3-1b05-4e87-b004-7e2d71fbf645[operations] E2EId: 35c97647-95d3-4ff1-b857-8b5de6e60a55&#xD;
00:38.891  Web method response: [http://v-nagab77931a:8080/tfs/46407190-89f3-4e58-9bad-783cbf2637fb_/_apis/operations/ea08d3e3-1b05-4e87-b004-7e2d71fbf645] (GET)ea08d3e3-1b05-4e87-b004-7e2d71fbf645[operations] E2EId: 35c97647-95d3-4ff1-b857-8b5de6e60a55, ActivityId: 68e95144-022d-4bd6-90df-91127d95539f 7 ms&#xD;
00:39.900  Web method running: [http://v-nagab77931a:8080/tfs/46407190-89f3-4e58-9bad-783cbf2637fb_/_apis/operations/ea08d3e3-1b05-4e87-b004-7e2d71fbf645] (GET)ea08d3e3-1b05-4e87-b004-7e2d71fbf645[operations] E2EId: 522d3442-2d11-400c-be35-d5b9ddf6a8c9&#xD;
00:39.906  Web method response: [http://v-nagab77931a:8080/tfs/46407190-89f3-4e58-9bad-783cbf2637fb_/_apis/operations/ea08d3e3-1b05-4e87-b004-7e2d71fbf645] (GET)ea08d3e3-1b05-4e87-b004-7e2d71fbf645[operations] E2EId: 522d3442-2d11-400c-be35-d5b9ddf6a8c9, ActivityId: 68e95145-022d-4bd6-90df-91127d95539f 6 ms&#xD;
00:40.915  Web method running: [http://v-nagab77931a:8080/tfs/46407190-89f3-4e58-9bad-783cbf2637fb_/_apis/operations/ea08d3e3-1b05-4e87-b004-7e2d71fbf645] (GET)ea08d3e3-1b05-4e87-b004-7e2d71fbf645[operations] E2EId: 04a6c22a-901a-4289-8f1c-19beae84f126&#xD;
00:40.922  Web method response: [http://v-nagab77931a:8080/tfs/46407190-89f3-4e58-9bad-783cbf2637fb_/_apis/operations/ea08d3e3-1b05-4e87-b004-7e2d71fbf645] (GET)ea08d3e3-1b05-4e87-b004-7e2d71fbf645[operations] E2EId: 04a6c22a-901a-4289-8f1c-19beae84f126, ActivityId: 68e95146-022d-4bd6-90df-91127d95539f 6 ms&#xD;
00:41.931  Web method running: [http://v-nagab77931a:8080/tfs/46407190-89f3-4e58-9bad-783cbf2637fb_/_apis/operations/ea08d3e3-1b05-4e87-b004-7e2d71fbf645] (GET)ea08d3e3-1b05-4e87-b004-7e2d71fbf645[operations] E2EId: ddd8d991-fb07-47c1-af6b-c8734aa00f62&#xD;
00:41.938  Web method response: [http://v-nagab77931a:8080/tfs/46407190-89f3-4e58-9bad-783cbf2637fb_/_apis/operations/ea08d3e3-1b05-4e87-b004-7e2d71fbf645] (GET)ea08d3e3-1b05-4e87-b004-7e2d71fbf645[operations] E2EId: ddd8d991-fb07-47c1-af6b-c8734aa00f62, ActivityId: 68e95147-022d-4bd6-90df-91127d95539f 7 ms&#xD;
00:42.947  Web method running: [http://v-nagab77931a:8080/tfs/46407190-89f3-4e58-9bad-783cbf2637fb_/_apis/operations/ea08d3e3-1b05-4e87-b004-7e2d71fbf645] (GET)ea08d3e3-1b05-4e87-b004-7e2d71fbf645[operations] E2EId: c8c784c2-f380-411d-801f-4ed36d10f00b&#xD;
00:42.954  Web method response: [http://v-nagab77931a:8080/tfs/46407190-89f3-4e58-9bad-783cbf2637fb_/_apis/operations/ea08d3e3-1b05-4e87-b004-7e2d71fbf645] (GET)ea08d3e3-1b05-4e87-b004-7e2d71fbf645[operations] E2EId: c8c784c2-f380-411d-801f-4ed36d10f00b, ActivityId: 68e95148-022d-4bd6-90df-91127d95539f 6 ms&#xD;
00:43.957  Web method running: [http://v-nagab77931a:8080/tfs/46407190-89f3-4e58-9bad-783cbf2637fb_/_apis/operations/ea08d3e3-1b05-4e87-b004-7e2d71fbf645] (GET)ea08d3e3-1b05-4e87-b004-7e2d71fbf645[operations] E2EId: e0d13209-f41f-4962-8457-79ff8a4e352b&#xD;
00:43.965  Web method response: [http://v-nagab77931a:8080/tfs/46407190-89f3-4e58-9bad-783cbf2637fb_/_apis/operations/ea08d3e3-1b05-4e87-b004-7e2d71fbf645] (GET)ea08d3e3-1b05-4e87-b004-7e2d71fbf645[operations] E2EId: e0d13209-f41f-4962-8457-79ff8a4e352b, ActivityId: 68e95149-022d-4bd6-90df-91127d95539f 7 ms&#xD;
00:44.980  Web method running: [http://v-nagab77931a:8080/tfs/46407190-89f3-4e58-9bad-783cbf2637fb_/_apis/operations/ea08d3e3-1b05-4e87-b004-7e2d71fbf645] (GET)ea08d3e3-1b05-4e87-b004-7e2d71fbf645[operations] E2EId: 62e12d39-4827-4ea8-b4fb-7399f25b131d&#xD;
00:44.986  Web method response: [http://v-nagab77931a:8080/tfs/46407190-89f3-4e58-9bad-783cbf2637fb_/_apis/operations/ea08d3e3-1b05-4e87-b004-7e2d71fbf645] (GET)ea08d3e3-1b05-4e87-b004-7e2d71fbf645[operations] E2EId: 62e12d39-4827-4ea8-b4fb-7399f25b131d, ActivityId: 68e9514a-022d-4bd6-90df-91127d95539f 6 ms&#xD;
00:45.995  Web method running: [http://v-nagab77931a:8080/tfs/46407190-89f3-4e58-9bad-783cbf2637fb_/_apis/operations/ea08d3e3-1b05-4e87-b004-7e2d71fbf645] (GET)ea08d3e3-1b05-4e87-b004-7e2d71fbf645[operations] E2EId: 708d4164-0241-446d-8154-1fcadc1a8395&#xD;
00:46.006  Web method response: [http://v-nagab77931a:8080/tfs/46407190-89f3-4e58-9bad-783cbf2637fb_/_apis/operations/ea08d3e3-1b05-4e87-b004-7e2d71fbf645] (GET)ea08d3e3-1b05-4e87-b004-7e2d71fbf645[operations] E2EId: 708d4164-0241-446d-8154-1fcadc1a8395, ActivityId: 68e9514b-022d-4bd6-90df-91127d95539f 10 ms&#xD;
00:47.014  Web method running: [http://v-nagab77931a:8080/tfs/46407190-89f3-4e58-9bad-783cbf2637fb_/_apis/operations/ea08d3e3-1b05-4e87-b004-7e2d71fbf645] (GET)ea08d3e3-1b05-4e87-b004-7e2d71fbf645[operations] E2EId: 22913ee7-fe42-4785-a263-731272373bd0&#xD;
00:47.020  Web method response: [http://v-nagab77931a:8080/tfs/46407190-89f3-4e58-9bad-783cbf2637fb_/_apis/operations/ea08d3e3-1b05-4e87-b004-7e2d71fbf645] (GET)ea08d3e3-1b05-4e87-b004-7e2d71fbf645[operations] E2EId: 22913ee7-fe42-4785-a263-731272373bd0, ActivityId: 68e9514c-022d-4bd6-90df-91127d95539f 6 ms&#xD;
00:48.029  Web method running: [http://v-nagab77931a:8080/tfs/46407190-89f3-4e58-9bad-783cbf2637fb_/_apis/operations/ea08d3e3-1b05-4e87-b004-7e2d71fbf645] (GET)ea08d3e3-1b05-4e87-b004-7e2d71fbf645[operations] E2EId: 2b01de1c-4618-42f0-8da7-6f96223461a7&#xD;
00:48.036  Web method response: [http://v-nagab77931a:8080/tfs/46407190-89f3-4e58-9bad-783cbf2637fb_/_apis/operations/ea08d3e3-1b05-4e87-b004-7e2d71fbf645] (GET)ea08d3e3-1b05-4e87-b004-7e2d71fbf645[operations] E2EId: 2b01de1c-4618-42f0-8da7-6f96223461a7, ActivityId: 68e9514d-022d-4bd6-90df-91127d95539f 6 ms&#xD;
00:49.037  Web method running: [http://v-nagab77931a:8080/tfs/46407190-89f3-4e58-9bad-783cbf2637fb_/_apis/operations/ea08d3e3-1b05-4e87-b004-7e2d71fbf645] (GET)ea08d3e3-1b05-4e87-b004-7e2d71fbf645[operations] E2EId: ac9e1436-e1de-4033-b0a3-64c088a02a80&#xD;
00:49.046  Web method response: [http://v-nagab77931a:8080/tfs/46407190-89f3-4e58-9bad-783cbf2637fb_/_apis/operations/ea08d3e3-1b05-4e87-b004-7e2d71fbf645] (GET)ea08d3e3-1b05-4e87-b004-7e2d71fbf645[operations] E2EId: ac9e1436-e1de-4033-b0a3-64c088a02a80, ActivityId: 68e9514e-022d-4bd6-90df-91127d95539f 9 ms&#xD;
00:50.053  Web method running: [http://v-nagab77931a:8080/tfs/46407190-89f3-4e58-9bad-783cbf2637fb_/_apis/operations/ea08d3e3-1b05-4e87-b004-7e2d71fbf645] (GET)ea08d3e3-1b05-4e87-b004-7e2d71fbf645[operations] E2EId: 309c3a07-74f2-4d5c-9745-366e55eb13c7&#xD;
00:50.060  Web method response: [http://v-nagab77931a:8080/tfs/46407190-89f3-4e58-9bad-783cbf2637fb_/_apis/operations/ea08d3e3-1b05-4e87-b004-7e2d71fbf645] (GET)ea08d3e3-1b05-4e87-b004-7e2d71fbf645[operations] E2EId: 309c3a07-74f2-4d5c-9745-366e55eb13c7, ActivityId: 68e9514f-022d-4bd6-90df-91127d95539f 7 ms&#xD;
00:51.068  Web method running: [http://v-nagab77931a:8080/tfs/46407190-89f3-4e58-9bad-783cbf2637fb_/_apis/operations/ea08d3e3-1b05-4e87-b004-7e2d71fbf645] (GET)ea08d3e3-1b05-4e87-b004-7e2d71fbf645[operations] E2EId: 4ebbcf15-137a-46ef-b0d1-e0d3b1310e70&#xD;
00:51.104  Web method response: [http://v-nagab77931a:8080/tfs/46407190-89f3-4e58-9bad-783cbf2637fb_/_apis/operations/ea08d3e3-1b05-4e87-b004-7e2d71fbf645] (GET)ea08d3e3-1b05-4e87-b004-7e2d71fbf645[operations] E2EId: 4ebbcf15-137a-46ef-b0d1-e0d3b1310e70, ActivityId: 68e95130-022d-4bd6-90df-91127d95539f 35 ms&#xD;
00:52.118  Web method running: [http://v-nagab77931a:8080/tfs/46407190-89f3-4e58-9bad-783cbf2637fb_/_apis/operations/ea08d3e3-1b05-4e87-b004-7e2d71fbf645] (GET)ea08d3e3-1b05-4e87-b004-7e2d71fbf645[operations] E2EId: db402f78-ece5-493e-9cb7-86b96190cff9&#xD;
00:52.124  Web method response: [http://v-nagab77931a:8080/tfs/46407190-89f3-4e58-9bad-783cbf2637fb_/_apis/operations/ea08d3e3-1b05-4e87-b004-7e2d71fbf645] (GET)ea08d3e3-1b05-4e87-b004-7e2d71fbf645[operations] E2EId: db402f78-ece5-493e-9cb7-86b96190cff9, ActivityId: 68e95131-022d-4bd6-90df-91127d95539f 6 ms&#xD;
00:53.134  Web method running: [http://v-nagab77931a:8080/tfs/46407190-89f3-4e58-9bad-783cbf2637fb_/_apis/operations/ea08d3e3-1b05-4e87-b004-7e2d71fbf645] (GET)ea08d3e3-1b05-4e87-b004-7e2d71fbf645[operations] E2EId: 02de1d85-2434-4894-97df-9991197666b6&#xD;
00:53.140  Web method response: [http://v-nagab77931a:8080/tfs/46407190-89f3-4e58-9bad-783cbf2637fb_/_apis/operations/ea08d3e3-1b05-4e87-b004-7e2d71fbf645] (GET)ea08d3e3-1b05-4e87-b004-7e2d71fbf645[operations] E2EId: 02de1d85-2434-4894-97df-9991197666b6, ActivityId: 68e95132-022d-4bd6-90df-91127d95539f 6 ms&#xD;
00:54.149  Web method running: [http://v-nagab77931a:8080/tfs/46407190-89f3-4e58-9bad-783cbf2637fb_/_apis/operations/ea08d3e3-1b05-4e87-b004-7e2d71fbf645] (GET)ea08d3e3-1b05-4e87-b004-7e2d71fbf645[operations] E2EId: bc9d43e4-e72a-4d8f-8a80-66b4e8ea0015&#xD;
00:54.156  Web method response: [http://v-nagab77931a:8080/tfs/46407190-89f3-4e58-9bad-783cbf2637fb_/_apis/operations/ea08d3e3-1b05-4e87-b004-7e2d71fbf645] (GET)ea08d3e3-1b05-4e87-b004-7e2d71fbf645[operations] E2EId: bc9d43e4-e72a-4d8f-8a80-66b4e8ea0015, ActivityId: 68e95133-022d-4bd6-90df-91127d95539f 6 ms&#xD;
00:55.165  Web method running: [http://v-nagab77931a:8080/tfs/46407190-89f3-4e58-9bad-783cbf2637fb_/_apis/operations/ea08d3e3-1b05-4e87-b004-7e2d71fbf645] (GET)ea08d3e3-1b05-4e87-b004-7e2d71fbf645[operations] E2EId: 9b9c3a5b-94d5-4466-a0ef-83070ec28711&#xD;
00:55.172  Web method response: [http://v-nagab77931a:8080/tfs/46407190-89f3-4e58-9bad-783cbf2637fb_/_apis/operations/ea08d3e3-1b05-4e87-b004-7e2d71fbf645] (GET)ea08d3e3-1b05-4e87-b004-7e2d71fbf645[operations] E2EId: 9b9c3a5b-94d5-4466-a0ef-83070ec28711, ActivityId: 68e95134-022d-4bd6-90df-91127d95539f 6 ms&#xD;
00:56.173  Web method running: [http://v-nagab77931a:8080/tfs/46407190-89f3-4e58-9bad-783cbf2637fb_/_apis/operations/ea08d3e3-1b05-4e87-b004-7e2d71fbf645] (GET)ea08d3e3-1b05-4e87-b004-7e2d71fbf645[operations] E2EId: 42f456af-ca8b-4318-871f-51686472a163&#xD;
00:56.259  Web method response: [http://v-nagab77931a:8080/tfs/46407190-89f3-4e58-9bad-783cbf2637fb_/_apis/operations/ea08d3e3-1b05-4e87-b004-7e2d71fbf645] (GET)ea08d3e3-1b05-4e87-b004-7e2d71fbf645[operations] E2EId: 42f456af-ca8b-4318-871f-51686472a163, ActivityId: 68e95135-022d-4bd6-90df-91127d95539f 85 ms&#xD;
00:56.260  Operation 'ea08d3e3-1b05-4e87-b004-7e2d71fbf645': Succeeded.&#xD;
00:56.260  Retry succeeded after 52 tries and time of 00:00:52.0980470.&#xD;
00:56.260  TimeoutScope 'RetryHelper:7' ended after '00:00:52.0980345'.&#xD;
00:56.260  TimeoutScope, 'Test: AddTestcasesToRootSuite:1', has been resumed at 00:00:02.1924629.&#xD;
00:56.260  Getting new project info from the server.&#xD;
00:56.262  Web method running: [http://v-nagab77931a:8080/tfs/46407190-89f3-4e58-9bad-783cbf2637fb_/_apis/projects/sdentifies%20people%20online.%20Impllowssy!n8d5e05805548ee6?includeCapabilities=True&amp;includeHistory=False] (GET)sdentifies%20people%20online.%20Impllowssy!n8d5e05805548ee6[projects] E2EId: 634bd140-de8f-4508-b1a2-1c520a712d0f&#xD;
00:56.443  Web method response: [http://v-nagab77931a:8080/tfs/46407190-89f3-4e58-9bad-783cbf2637fb_/_apis/projects/sdentifies%20people%20online.%20Impllowssy!n8d5e05805548ee6?includeCapabilities=True&amp;includeHistory=False] (GET)sdentifies%20people%20online.%20Impllowssy!n8d5e05805548ee6[projects] E2EId: 634bd140-de8f-4508-b1a2-1c520a712d0f, ActivityId: 68e95136-022d-4bd6-90df-91127d95539f 180 ms&#xD;
00:56.448  TagHelper is setting a tag 'Project.PrivateAgileGit' on host 'de108ff5-f4a8-4948-b1ec-3147b31f1465' to '05e49bc7-ac67-4dc4-b85e-4a41b611b532'.&#xD;
00:56.448  Writing items to the registry service:&#xD;
00:56.448  /Configuration/TestFrameworkTag/de108ff5-f4a8-4948-b1ec-3147b31f1465/Project.PrivateAgileGit: 05e49bc7-ac67-4dc4-b85e-4a41b611b532&#xD;
00:56.448  Web method running: [http://v-nagab77931a:8080/tfs/_apis/registry/registry] (POST)registry[registry] E2EId: 481a4481-4c10-4f8c-a146-2751d766f5d9&#xD;
00:56.462  Web method response: [http://v-nagab77931a:8080/tfs/_apis/registry/registry] (POST)registry[registry] E2EId: 481a4481-4c10-4f8c-a146-2751d766f5d9, ActivityId: 68e95137-022d-4bd6-90df-91127d95539f 13 ms&#xD;
00:56.472  Create User called.&#xD;
00:56.489  IdentityHelperClient.CreateUser called with user properties {"$type":"Vssf.TestFramework.Client.Common.CreateUserProperties, Vssf.TestFramework.Client.Common","EntityType":"User","OriginDirectory":null,"HomeDirectory":null,"TenantId":null,"OriginId":"00000000-0000-0000-0000-000000000000","LocalId":"00000000-0000-0000-0000-000000000000","MasterId":"00000000-0000-0000-0000-000000000000","PrincipalName":null,"DisplayName":null,"Profile":null,"License":4,"LocalGroups":[{"$type":"Vssf.TestFramework.Client.Common.GroupReference, Vssf.TestFramework.Client.Common","Identifier":"S-1-9-1551374245-1204400969-2402986413-2179408616-0-0-0-0-1"}],"LocalPermissions":null,"UserType":0,"CreateUserTranslations":null}&#xD;
00:56.490  Created new TimeoutScope, 'CreateUser:8@1', for 00:00:30 on thread 16.&#xD;
00:56.490  TimeoutScope, 'Test: AddTestcasesToRootSuite:1', has been paused after 00:00:02.4223969.&#xD;
00:56.536  IdentityHelperClient.AddMember was called with parameters {"$type":"Vssf.TestFramework.Client.L2.Identity.AddMemberRequest, Vssf.TestFramework.Client.L2","EntityDescriptor":{"$type":"Microsoft.VisualStudio.Services.Directories.DirectoryEntityDescriptor, Microsoft.VisualStudio.Services.WebApi","entityType":"User","originDirectory":null,"localId":null,"originId":null,"invitationMethod":"CreateUser@TeamFoundationServer","createIfNotFound":true},"Profile":null,"License":"Optimal","LocalGroups":["S-1-9-1551374245-1204400969-2402986413-2179408616-0-0-0-0-1"]}&#xD;
00:56.585  Web method running: [http://v-nagab77931a:8080/tfs/46407190-89f3-4e58-9bad-783cbf2637fb_/_apis/Directory/Members?license=Optimal&amp;localGroups=S-1-9-1551374245-1204400969-2402986413-2179408616-0-0-0-0-1&amp;propertiesToReturn=LocalDescriptor] (POST)Members[Directory] E2EId: 4577ed42-13e7-43ab-b066-c7e9785444c7&#xD;
00:57.052  Web method response: [http://v-nagab77931a:8080/tfs/46407190-89f3-4e58-9bad-783cbf2637fb_/_apis/Directory/Members?license=Optimal&amp;localGroups=S-1-9-1551374245-1204400969-2402986413-2179408616-0-0-0-0-1&amp;propertiesToReturn=LocalDescriptor] (POST)Members[Directory] E2EId: 4577ed42-13e7-43ab-b066-c7e9785444c7, ActivityId: 68e95138-022d-4bd6-90df-91127d95539f 466 ms&#xD;
00:57.090  DirectoryHttpClient.AddMemberAsync returned {"$type":"Microsoft.VisualStudio.Services.Directories.DirectoryEntityResult, Microsoft.VisualStudio.Services.WebApi","Entity":{"$type":"Microsoft.VisualStudio.Services.Directories.DirectoryUser, Microsoft.VisualStudio.Services.WebApi","EntityId":"vss.ds.v1.ims.user.b4537c14cc5c443a9af3cb63f9a97d41","EntityType":"User","OriginDirectory":"vsd","OriginId":"b4537c14-cc5c-443a-9af3-cb63f9a97d41","LocalDirectory":"vsd","LocalId":"b4537c14-cc5c-443a-9af3-cb63f9a97d41","principalName":"fake-vsd-5bf526ae-5b38-4c1d-b259-bf7ee5cd0ef0","displayName":"fake-vsd-5bf526ae-5b38-4c1d-b259-bf7ee5cd0ef0","localDescriptor":"System.Security.Principal.WindowsIdentity;S-1-5-21-1389882523-1725124155-1294357522-1644854500-1320567815-879900326-3350054413"},"EntityState":"LocalCreate","Status":"Success"}&#xD;
00:57.134  Web method running: [http://v-nagab77931a:8080/tfs/46407190-89f3-4e58-9bad-783cbf2637fb_/_apis/Identities/b4537c14-cc5c-443a-9af3-cb63f9a97d41?queryMembership=Direct] (GET)b4537c14-cc5c-443a-9af3-cb63f9a97d41[Identities] E2EId: 422a05f9-8d30-457a-a06a-07cd175a45ed&#xD;
00:57.194  Web method response: [http://v-nagab77931a:8080/tfs/46407190-89f3-4e58-9bad-783cbf2637fb_/_apis/Identities/b4537c14-cc5c-443a-9af3-cb63f9a97d41?queryMembership=Direct] (GET)b4537c14-cc5c-443a-9af3-cb63f9a97d41[Identities] E2EId: 422a05f9-8d30-457a-a06a-07cd175a45ed, ActivityId: 68e95139-022d-4bd6-90df-91127d95539f 59 ms&#xD;
00:57.213  TimeoutScope 'CreateUser:8' ended after '00:00:00.7237630'.&#xD;
00:57.213  TimeoutScope, 'Test: AddTestcasesToRootSuite:1', has been resumed at 00:00:02.4223998.&#xD;
00:57.234  IdentityHelperClient.CreateUser called service and returned {"$type":"Microsoft.VisualStudio.Services.Identity.Identity, Microsoft.VisualStudio.Services.WebApi","Id":"b4537c14-cc5c-443a-9af3-cb63f9a97d41","Descriptor":"System.Security.Principal.WindowsIdentity;S-1-5-21-1389882523-1725124155-1294357522-1644854500-1320567815-879900326-3350054413","SubjectDescriptor":"win.Uy0xLTUtMjEtMTM4OTg4MjUyMy0xNzI1MTI0MTU1LTEyOTQzNTc1MjItMTY0NDg1NDUwMC0xMzIwNTY3ODE1LTg3OTkwMDMyNi0zMzUwMDU0NDEz","ProviderDisplayName":"fake-vsd-5bf526ae-5b38-4c1d-b259-bf7ee5cd0ef0","IsActive":true,"Members":[],"MemberOf":["Microsoft.TeamFoundation.Identity;S-1-9-1551374245-4119793886-2834581577-2985046343-3005158501-0-0-0-0-1"],"MemberIds":[],"MasterId":"ffffffff-ffff-ffff-ffff-ffffffffffff","Properties":{"$type":"Microsoft.VisualStudio.Services.WebApi.PropertiesCollection, Microsoft.VisualStudio.Services.WebApi","SchemaClassName":{"$type":"System.String","$value":"User"},"Description":{"$type":"System.String","$value":"L2"},"Domain":{"$type":"System.String","$value":"L2"},"Account":{"$type":"System.String","$value":"fake-vsd-5bf526ae-5b38-4c1d-b259-bf7ee5cd0ef0"},"DN":{"$type":"System.String","$value":""},"Mail":{"$type":"System.String","$value":"fake-vsd-5bf526ae-5b38-4c1d-b259-bf7ee5cd0ef0@someprovider.com"},"SpecialType":{"$type":"System.String","$value":"Generic"},"ComplianceValidated":{"$type":"System.DateTime","$value":"2018-07-03T00:00:00Z"},"DirectoryAlias":{"$type":"System.String","$value":"fake-vsd-5bf526ae-5b38-4c1d-b259-bf7ee5cd0ef0"}},"ResourceVersion":2,"MetaTypeId":255}&#xD;
00:57.234  Created User successfully.&#xD;
00:57.234  Client Credentials called.&#xD;
Getting credentials for descriptor 'System.Security.Principal.WindowsIdentity;S-1-5-21-1389882523-1725124155-1294357522-1644854500-1320567815-879900326-3350054413' =&gt; Authorization: Bearer eyJ0eXAiOiJKV1QiLCJhbGciOiJOb25lIn0.eyJuYW1laWQiOiJTLTEtNS0yMS0xMzg5ODgyNTIzLTE3MjUxMjQxNTUtMTI5NDM1NzUyMi0xNjQ0ODU0NTAwLTEzMjA1Njc4MTUtODc5OTAwMzI2LTMzNTAwNTQ0MTMiLCJJZGVudGl0eVR5cGVDbGFpbSI6IlN5c3RlbS5TZWN1cml0eS5QcmluY2lwYWwuV2luZG93c0lkZW50aXR5IiwiaXNzIjoiTDIiLCJhdWQiOiJMMiIsIm5iZiI6MTUzMDU4NzU1NCwiZXhwIjoyNTM0MDIzMDA4MDB9.&#xD;
00:57.236  Client Credentials received successfully.&#xD;
Getting credentials for descriptor 'System.Security.Principal.WindowsIdentity;S-1-5-21-1389882523-1725124155-1294357522-1644854500-1320567815-879900326-3350054413' =&gt; Authorization: Bearer eyJ0eXAiOiJKV1QiLCJhbGciOiJOb25lIn0.eyJuYW1laWQiOiJTLTEtNS0yMS0xMzg5ODgyNTIzLTE3MjUxMjQxNTUtMTI5NDM1NzUyMi0xNjQ0ODU0NTAwLTEzMjA1Njc4MTUtODc5OTAwMzI2LTMzNTAwNTQ0MTMiLCJJZGVudGl0eVR5cGVDbGFpbSI6IlN5c3RlbS5TZWN1cml0eS5QcmluY2lwYWwuV2luZG93c0lkZW50aXR5IiwiaXNzIjoiTDIiLCJhdWQiOiJMMiIsIm5iZiI6MTUzMDU4NzU1NCwiZXhwIjoyNTM0MDIzMDA4MDB9.&#xD;
00:59.952  Created new TimeoutScope, 'RefreshWorkItemStoreCache:9@1', for 00:01:00 on thread 16.&#xD;
00:59.952  TimeoutScope, 'Test: AddTestcasesToRootSuite:1', has been paused after 00:00:05.1610463.&#xD;
01:00.060  TimeoutScope 'RefreshWorkItemStoreCache:9' ended after '00:00:00.1081532'.&#xD;
01:00.060  TimeoutScope, 'Test: AddTestcasesToRootSuite:1', has been resumed at 00:00:05.1610471.&#xD;
01:06.224  Performing CommonTestBase Cleanup...&#xD;
01:06.224  TimeoutScope 'Test: AddTestcasesToRootSuite:1' ended after '00:00:11.3243201'.&#xD;
01:06.224  Created new TimeoutScope, 'TestFrameworkTestCleanup:10@0', for 00:00:10 on thread 16.&#xD;
01:06.230  TimeoutScope 'TestFrameworkTestCleanup:10' ended after '00:00:00.0053726'.&#xD;
01:06.231  Test End: 7/2/2018 8:12:42 PM (local) / 7/3/2018 3:12:42 AM (UTC).</StdOut></Output></UnitTestResult><UnitTestResult executionId="756d2429-3957-4e51-8e64-3d1e441893c2" testId="60bf5eec-aefc-c280-4f69-3dceb41a2f6b" testName="SuiteState" computerName="V-NAGAB77931A" duration="00:00:03.0150658" startTime="2018-07-02T20:13:36.2599017-07:00" endTime="2018-07-02T20:13:39.2662631-07:00" testType="13cdc9d9-ddb5-4fa4-a97d-d965ccfc6d4b" outcome="Passed" testListId="8c84fa94-04c1-424b-9868-57a2d4851a1d" relativeResultsDirectory="756d2429-3957-4e51-8e64-3d1e441893c2"><Output><StdOut>Debug Trace:
00:00.000  Test Start: 7/2/2018 8:13:36 PM (local) / 7/3/2018 3:13:36 AM (UTC)&#xD;
00:00.000  Random Seed for this test: 1258061929&#xD;
00:00.000  Created new TimeoutScope, 'Test: SuiteState:91@0', for 00:00:30 on thread 16.&#xD;
00:00.000  Created new TimeoutScope, 'TestFrameworkTestInitialize:92@1', for 00:00:10 on thread 16.&#xD;
00:00.000  TimeoutScope, 'Test: SuiteState:91', has been paused after 00:00:00.0000256.&#xD;
00:00.000  TimeoutScope 'TestFrameworkTestInitialize:92' ended after '00:00:00.0000379'.&#xD;
00:00.000  TimeoutScope, 'Test: SuiteState:91', has been resumed at 00:00:00.0000263.&#xD;
00:00.000  TagHelper is getting a tag 'Project.PrivateAgileGit' on host 'de108ff5-f4a8-4948-b1ec-3147b31f1465'.&#xD;
00:00.000  TagHelper found cached tag 'Project.PrivateAgileGit' on host 'de108ff5-f4a8-4948-b1ec-3147b31f1465' with value '05e49bc7-ac67-4dc4-b85e-4a41b611b532'.&#xD;
00:00.000  Searching for project '05e49bc7-ac67-4dc4-b85e-4a41b611b532'.&#xD;
00:00.000  Web method running: [http://v-nagab77931a:8080/tfs/46407190-89f3-4e58-9bad-783cbf2637fb_/_apis/projects/05e49bc7-ac67-4dc4-b85e-4a41b611b532?includeHistory=False] (GET)05e49bc7-ac67-4dc4-b85e-4a41b611b532[projects] E2EId: 7e345d2b-45ba-4696-bdfe-8a91793e6c45&#xD;
00:00.007  Web method response: [http://v-nagab77931a:8080/tfs/46407190-89f3-4e58-9bad-783cbf2637fb_/_apis/projects/05e49bc7-ac67-4dc4-b85e-4a41b611b532?includeHistory=False] (GET)05e49bc7-ac67-4dc4-b85e-4a41b611b532[projects] E2EId: 7e345d2b-45ba-4696-bdfe-8a91793e6c45, ActivityId: 68e953e6-022d-4bd6-90df-91127d95539f 6 ms&#xD;
00:00.007  Found matching project 'sdentifies people online. Impllowssy!n8d5e05805548ee6' (05e49bc7-ac67-4dc4-b85e-4a41b611b532).&#xD;
00:00.007  Create User called.&#xD;
00:00.007  IdentityHelperClient.CreateUser called with user properties {"$type":"Vssf.TestFramework.Client.Common.CreateUserProperties, Vssf.TestFramework.Client.Common","EntityType":"User","OriginDirectory":null,"HomeDirectory":null,"TenantId":null,"OriginId":"00000000-0000-0000-0000-000000000000","LocalId":"00000000-0000-0000-0000-000000000000","MasterId":"00000000-0000-0000-0000-000000000000","PrincipalName":null,"DisplayName":null,"Profile":null,"License":4,"LocalGroups":[{"$type":"Vssf.TestFramework.Client.Common.GroupReference, Vssf.TestFramework.Client.Common","Identifier":"S-1-9-1551374245-1204400969-2402986413-2179408616-0-0-0-0-1"}],"LocalPermissions":null,"UserType":0,"CreateUserTranslations":null}&#xD;
00:00.008  Created new TimeoutScope, 'CreateUser:93@1', for 00:00:30 on thread 16.&#xD;
00:00.008  TimeoutScope, 'Test: SuiteState:91', has been paused after 00:00:00.0077170.&#xD;
00:00.008  IdentityHelperClient.AddMember was called with parameters {"$type":"Vssf.TestFramework.Client.L2.Identity.AddMemberRequest, Vssf.TestFramework.Client.L2","EntityDescriptor":{"$type":"Microsoft.VisualStudio.Services.Directories.DirectoryEntityDescriptor, Microsoft.VisualStudio.Services.WebApi","entityType":"User","originDirectory":null,"localId":null,"originId":null,"invitationMethod":"CreateUser@TeamFoundationServer","createIfNotFound":true},"Profile":null,"License":"Optimal","LocalGroups":["S-1-9-1551374245-1204400969-2402986413-2179408616-0-0-0-0-1"]}&#xD;
00:00.081  Web method running: [http://v-nagab77931a:8080/tfs/46407190-89f3-4e58-9bad-783cbf2637fb_/_apis/Directory/Members?license=Optimal&amp;localGroups=S-1-9-1551374245-1204400969-2402986413-2179408616-0-0-0-0-1&amp;propertiesToReturn=LocalDescriptor] (POST)Members[Directory] E2EId: 190ca62a-008f-4872-aee1-e39260eeb2c6&#xD;
00:00.217  Web method response: [http://v-nagab77931a:8080/tfs/46407190-89f3-4e58-9bad-783cbf2637fb_/_apis/Directory/Members?license=Optimal&amp;localGroups=S-1-9-1551374245-1204400969-2402986413-2179408616-0-0-0-0-1&amp;propertiesToReturn=LocalDescriptor] (POST)Members[Directory] E2EId: 190ca62a-008f-4872-aee1-e39260eeb2c6, ActivityId: 68e953e7-022d-4bd6-90df-91127d95539f 136 ms&#xD;
00:00.218  DirectoryHttpClient.AddMemberAsync returned {"$type":"Microsoft.VisualStudio.Services.Directories.DirectoryEntityResult, Microsoft.VisualStudio.Services.WebApi","Entity":{"$type":"Microsoft.VisualStudio.Services.Directories.DirectoryUser, Microsoft.VisualStudio.Services.WebApi","EntityId":"vss.ds.v1.ims.user.8620cba136614c79ace26fe79a701b2f","EntityType":"User","OriginDirectory":"vsd","OriginId":"8620cba1-3661-4c79-ace2-6fe79a701b2f","LocalDirectory":"vsd","LocalId":"8620cba1-3661-4c79-ace2-6fe79a701b2f","principalName":"fake-vsd-6ed97066-f17c-469c-95d9-b400e98ea0bb","displayName":"fake-vsd-6ed97066-f17c-469c-95d9-b400e98ea0bb","localDescriptor":"System.Security.Principal.WindowsIdentity;S-1-5-21-1389882523-1725124155-1294357522-188703303-1100668596-3918244748-2561548192"},"EntityState":"LocalCreate","Status":"Success"}&#xD;
00:00.256  Web method running: [http://v-nagab77931a:8080/tfs/46407190-89f3-4e58-9bad-783cbf2637fb_/_apis/Identities/8620cba1-3661-4c79-ace2-6fe79a701b2f?queryMembership=Direct] (GET)8620cba1-3661-4c79-ace2-6fe79a701b2f[Identities] E2EId: 55484be2-0c3a-4800-895b-ef1e0573c5a0&#xD;
00:00.272  Web method response: [http://v-nagab77931a:8080/tfs/46407190-89f3-4e58-9bad-783cbf2637fb_/_apis/Identities/8620cba1-3661-4c79-ace2-6fe79a701b2f?queryMembership=Direct] (GET)8620cba1-3661-4c79-ace2-6fe79a701b2f[Identities] E2EId: 55484be2-0c3a-4800-895b-ef1e0573c5a0, ActivityId: 68e953e8-022d-4bd6-90df-91127d95539f 15 ms&#xD;
00:00.272  TimeoutScope 'CreateUser:93' ended after '00:00:00.2645962'.&#xD;
00:00.272  TimeoutScope, 'Test: SuiteState:91', has been resumed at 00:00:00.0077181.&#xD;
00:00.272  IdentityHelperClient.CreateUser called service and returned {"$type":"Microsoft.VisualStudio.Services.Identity.Identity, Microsoft.VisualStudio.Services.WebApi","Id":"8620cba1-3661-4c79-ace2-6fe79a701b2f","Descriptor":"System.Security.Principal.WindowsIdentity;S-1-5-21-1389882523-1725124155-1294357522-188703303-1100668596-3918244748-2561548192","SubjectDescriptor":"win.Uy0xLTUtMjEtMTM4OTg4MjUyMy0xNzI1MTI0MTU1LTEyOTQzNTc1MjItMTg4NzAzMzAzLTExMDA2Njg1OTYtMzkxODI0NDc0OC0yNTYxNTQ4MTky","ProviderDisplayName":"fake-vsd-6ed97066-f17c-469c-95d9-b400e98ea0bb","IsActive":true,"Members":[],"MemberOf":["Microsoft.TeamFoundation.Identity;S-1-9-1551374245-4119793886-2834581577-2985046343-3005158501-0-0-0-0-1"],"MemberIds":[],"MasterId":"ffffffff-ffff-ffff-ffff-ffffffffffff","Properties":{"$type":"Microsoft.VisualStudio.Services.WebApi.PropertiesCollection, Microsoft.VisualStudio.Services.WebApi","SchemaClassName":{"$type":"System.String","$value":"User"},"Description":{"$type":"System.String","$value":"L2"},"Domain":{"$type":"System.String","$value":"L2"},"Account":{"$type":"System.String","$value":"fake-vsd-6ed97066-f17c-469c-95d9-b400e98ea0bb"},"DN":{"$type":"System.String","$value":""},"Mail":{"$type":"System.String","$value":"fake-vsd-6ed97066-f17c-469c-95d9-b400e98ea0bb@someprovider.com"},"SpecialType":{"$type":"System.String","$value":"Generic"},"ComplianceValidated":{"$type":"System.DateTime","$value":"2018-07-03T00:00:00Z"},"DirectoryAlias":{"$type":"System.String","$value":"fake-vsd-6ed97066-f17c-469c-95d9-b400e98ea0bb"}},"ResourceVersion":2,"MetaTypeId":255}&#xD;
00:00.272  Created User successfully.&#xD;
00:00.272  Client Credentials called.&#xD;
Getting credentials for descriptor 'System.Security.Principal.WindowsIdentity;S-1-5-21-1389882523-1725124155-1294357522-188703303-1100668596-3918244748-2561548192' =&gt; Authorization: Bearer eyJ0eXAiOiJKV1QiLCJhbGciOiJOb25lIn0.eyJuYW1laWQiOiJTLTEtNS0yMS0xMzg5ODgyNTIzLTE3MjUxMjQxNTUtMTI5NDM1NzUyMi0xODg3MDMzMDMtMTEwMDY2ODU5Ni0zOTE4MjQ0NzQ4LTI1NjE1NDgxOTIiLCJJZGVudGl0eVR5cGVDbGFpbSI6IlN5c3RlbS5TZWN1cml0eS5QcmluY2lwYWwuV2luZG93c0lkZW50aXR5IiwiaXNzIjoiTDIiLCJhdWQiOiJMMiIsIm5iZiI6MTUzMDU4NzYxNywiZXhwIjoyNTM0MDIzMDA4MDB9.&#xD;
00:00.272  Client Credentials received successfully.&#xD;
Getting credentials for descriptor 'System.Security.Principal.WindowsIdentity;S-1-5-21-1389882523-1725124155-1294357522-188703303-1100668596-3918244748-2561548192' =&gt; Authorization: Bearer eyJ0eXAiOiJKV1QiLCJhbGciOiJOb25lIn0.eyJuYW1laWQiOiJTLTEtNS0yMS0xMzg5ODgyNTIzLTE3MjUxMjQxNTUtMTI5NDM1NzUyMi0xODg3MDMzMDMtMTEwMDY2ODU5Ni0zOTE4MjQ0NzQ4LTI1NjE1NDgxOTIiLCJJZGVudGl0eVR5cGVDbGFpbSI6IlN5c3RlbS5TZWN1cml0eS5QcmluY2lwYWwuV2luZG93c0lkZW50aXR5IiwiaXNzIjoiTDIiLCJhdWQiOiJMMiIsIm5iZiI6MTUzMDU4NzYxNywiZXhwIjoyNTM0MDIzMDA4MDB9.&#xD;
00:00.378  Created new TimeoutScope, 'RefreshWorkItemStoreCache:94@1', for 00:01:00 on thread 16.&#xD;
00:00.378  TimeoutScope, 'Test: SuiteState:91', has been paused after 00:00:00.1138083.&#xD;
00:00.539  TimeoutScope 'RefreshWorkItemStoreCache:94' ended after '00:00:00.1610200'.&#xD;
00:00.539  TimeoutScope, 'Test: SuiteState:91', has been resumed at 00:00:00.1138093.&#xD;
00:01.480  Performing CommonTestBase Cleanup...&#xD;
00:01.480  TimeoutScope 'Test: SuiteState:91' ended after '00:00:01.0547945'.&#xD;
00:03.014  Created new TimeoutScope, 'TestFrameworkTestCleanup:95@0', for 00:00:10 on thread 16.&#xD;
00:03.015  TimeoutScope 'TestFrameworkTestCleanup:95' ended after '00:00:00.0000487'.&#xD;
00:03.015  Test End: 7/2/2018 8:13:39 PM (local) / 7/3/2018 3:13:39 AM (UTC).</StdOut></Output></UnitTestResult><UnitTestResult executionId="c7853c60-0811-43f5-89ab-320550a6aead" testId="bb3fc108-e107-0f83-889c-b176c596eecc" testName="FindTestSuite" computerName="V-NAGAB77931A" duration="00:00:02.5688324" startTime="2018-07-02T20:14:24.7801637-07:00" endTime="2018-07-02T20:14:27.3583164-07:00" testType="13cdc9d9-ddb5-4fa4-a97d-d965ccfc6d4b" outcome="Passed" testListId="8c84fa94-04c1-424b-9868-57a2d4851a1d" relativeResultsDirectory="c7853c60-0811-43f5-89ab-320550a6aead"><Output><StdOut>Debug Trace:
00:00.000  Test Start: 7/2/2018 8:14:24 PM (local) / 7/3/2018 3:14:24 AM (UTC)&#xD;
00:00.000  Random Seed for this test: 1743420824&#xD;
00:00.000  Created new TimeoutScope, 'Test: FindTestSuite:156@0', for 00:00:30 on thread 16.&#xD;
00:00.000  Created new TimeoutScope, 'TestFrameworkTestInitialize:157@1', for 00:00:10 on thread 16.&#xD;
00:00.000  TimeoutScope, 'Test: FindTestSuite:156', has been paused after 00:00:00.0000265.&#xD;
00:00.000  TimeoutScope 'TestFrameworkTestInitialize:157' ended after '00:00:00.0000098'.&#xD;
00:00.000  TimeoutScope, 'Test: FindTestSuite:156', has been resumed at 00:00:00.0000271.&#xD;
00:00.000  TagHelper is getting a tag 'Project.PrivateAgileGit' on host 'de108ff5-f4a8-4948-b1ec-3147b31f1465'.&#xD;
00:00.000  TagHelper found cached tag 'Project.PrivateAgileGit' on host 'de108ff5-f4a8-4948-b1ec-3147b31f1465' with value '05e49bc7-ac67-4dc4-b85e-4a41b611b532'.&#xD;
00:00.000  Searching for project '05e49bc7-ac67-4dc4-b85e-4a41b611b532'.&#xD;
00:00.001  Web method running: [http://v-nagab77931a:8080/tfs/46407190-89f3-4e58-9bad-783cbf2637fb_/_apis/projects/05e49bc7-ac67-4dc4-b85e-4a41b611b532?includeHistory=False] (GET)05e49bc7-ac67-4dc4-b85e-4a41b611b532[projects] E2EId: 7319e581-bcce-4b15-95e0-459e82ff4892&#xD;
00:00.007  Web method response: [http://v-nagab77931a:8080/tfs/46407190-89f3-4e58-9bad-783cbf2637fb_/_apis/projects/05e49bc7-ac67-4dc4-b85e-4a41b611b532?includeHistory=False] (GET)05e49bc7-ac67-4dc4-b85e-4a41b611b532[projects] E2EId: 7319e581-bcce-4b15-95e0-459e82ff4892, ActivityId: 68e955d3-022d-4bd6-90df-91127d95539f 6 ms&#xD;
00:00.008  Found matching project 'sdentifies people online. Impllowssy!n8d5e05805548ee6' (05e49bc7-ac67-4dc4-b85e-4a41b611b532).&#xD;
00:00.008  Create User called.&#xD;
00:00.008  IdentityHelperClient.CreateUser called with user properties {"$type":"Vssf.TestFramework.Client.Common.CreateUserProperties, Vssf.TestFramework.Client.Common","EntityType":"User","OriginDirectory":null,"HomeDirectory":null,"TenantId":null,"OriginId":"00000000-0000-0000-0000-000000000000","LocalId":"00000000-0000-0000-0000-000000000000","MasterId":"00000000-0000-0000-0000-000000000000","PrincipalName":null,"DisplayName":null,"Profile":null,"License":4,"LocalGroups":[{"$type":"Vssf.TestFramework.Client.Common.GroupReference, Vssf.TestFramework.Client.Common","Identifier":"S-1-9-1551374245-1204400969-2402986413-2179408616-0-0-0-0-1"}],"LocalPermissions":null,"UserType":0,"CreateUserTranslations":null}&#xD;
00:00.008  Created new TimeoutScope, 'CreateUser:158@1', for 00:00:30 on thread 16.&#xD;
00:00.008  TimeoutScope, 'Test: FindTestSuite:156', has been paused after 00:00:00.0080517.&#xD;
00:00.008  IdentityHelperClient.AddMember was called with parameters {"$type":"Vssf.TestFramework.Client.L2.Identity.AddMemberRequest, Vssf.TestFramework.Client.L2","EntityDescriptor":{"$type":"Microsoft.VisualStudio.Services.Directories.DirectoryEntityDescriptor, Microsoft.VisualStudio.Services.WebApi","entityType":"User","originDirectory":null,"localId":null,"originId":null,"invitationMethod":"CreateUser@TeamFoundationServer","createIfNotFound":true},"Profile":null,"License":"Optimal","LocalGroups":["S-1-9-1551374245-1204400969-2402986413-2179408616-0-0-0-0-1"]}&#xD;
00:00.046  Web method running: [http://v-nagab77931a:8080/tfs/46407190-89f3-4e58-9bad-783cbf2637fb_/_apis/Directory/Members?license=Optimal&amp;localGroups=S-1-9-1551374245-1204400969-2402986413-2179408616-0-0-0-0-1&amp;propertiesToReturn=LocalDescriptor] (POST)Members[Directory] E2EId: a9beb914-dd19-4495-957a-6c7e6f3ad718&#xD;
00:00.153  Web method response: [http://v-nagab77931a:8080/tfs/46407190-89f3-4e58-9bad-783cbf2637fb_/_apis/Directory/Members?license=Optimal&amp;localGroups=S-1-9-1551374245-1204400969-2402986413-2179408616-0-0-0-0-1&amp;propertiesToReturn=LocalDescriptor] (POST)Members[Directory] E2EId: a9beb914-dd19-4495-957a-6c7e6f3ad718, ActivityId: 68e955d4-022d-4bd6-90df-91127d95539f 106 ms&#xD;
00:00.153  DirectoryHttpClient.AddMemberAsync returned {"$type":"Microsoft.VisualStudio.Services.Directories.DirectoryEntityResult, Microsoft.VisualStudio.Services.WebApi","Entity":{"$type":"Microsoft.VisualStudio.Services.Directories.DirectoryUser, Microsoft.VisualStudio.Services.WebApi","EntityId":"vss.ds.v1.ims.user.7143802552114fe7b531f306ad4a0b6f","EntityType":"User","OriginDirectory":"vsd","OriginId":"71438025-5211-4fe7-b531-f306ad4a0b6f","LocalDirectory":"vsd","LocalId":"71438025-5211-4fe7-b531-f306ad4a0b6f","principalName":"fake-vsd-19ef7eb7-f37b-468a-88fc-a1004364b2be","displayName":"fake-vsd-19ef7eb7-f37b-468a-88fc-a1004364b2be","localDescriptor":"System.Security.Principal.WindowsIdentity;S-1-5-21-1389882523-1725124155-1294357522-2876126695-1192065732-1805299334-362228598"},"EntityState":"LocalCreate","Status":"Success"}&#xD;
00:00.225  Web method running: [http://v-nagab77931a:8080/tfs/46407190-89f3-4e58-9bad-783cbf2637fb_/_apis/Identities/71438025-5211-4fe7-b531-f306ad4a0b6f?queryMembership=Direct] (GET)71438025-5211-4fe7-b531-f306ad4a0b6f[Identities] E2EId: cdfa22e7-4eb8-4e17-8f53-98434522fe27&#xD;
00:00.239  Web method response: [http://v-nagab77931a:8080/tfs/46407190-89f3-4e58-9bad-783cbf2637fb_/_apis/Identities/71438025-5211-4fe7-b531-f306ad4a0b6f?queryMembership=Direct] (GET)71438025-5211-4fe7-b531-f306ad4a0b6f[Identities] E2EId: cdfa22e7-4eb8-4e17-8f53-98434522fe27, ActivityId: 68e955d5-022d-4bd6-90df-91127d95539f 13 ms&#xD;
00:00.239  TimeoutScope 'CreateUser:158' ended after '00:00:00.2314426'.&#xD;
00:00.239  TimeoutScope, 'Test: FindTestSuite:156', has been resumed at 00:00:00.0080528.&#xD;
00:00.240  IdentityHelperClient.CreateUser called service and returned {"$type":"Microsoft.VisualStudio.Services.Identity.Identity, Microsoft.VisualStudio.Services.WebApi","Id":"71438025-5211-4fe7-b531-f306ad4a0b6f","Descriptor":"System.Security.Principal.WindowsIdentity;S-1-5-21-1389882523-1725124155-1294357522-2876126695-1192065732-1805299334-362228598","SubjectDescriptor":"win.Uy0xLTUtMjEtMTM4OTg4MjUyMy0xNzI1MTI0MTU1LTEyOTQzNTc1MjItMjg3NjEyNjY5NS0xMTkyMDY1NzMyLTE4MDUyOTkzMzQtMzYyMjI4NTk4","ProviderDisplayName":"fake-vsd-19ef7eb7-f37b-468a-88fc-a1004364b2be","IsActive":true,"Members":[],"MemberOf":["Microsoft.TeamFoundation.Identity;S-1-9-1551374245-4119793886-2834581577-2985046343-3005158501-0-0-0-0-1"],"MemberIds":[],"MasterId":"ffffffff-ffff-ffff-ffff-ffffffffffff","Properties":{"$type":"Microsoft.VisualStudio.Services.WebApi.PropertiesCollection, Microsoft.VisualStudio.Services.WebApi","SchemaClassName":{"$type":"System.String","$value":"User"},"Description":{"$type":"System.String","$value":"L2"},"Domain":{"$type":"System.String","$value":"L2"},"Account":{"$type":"System.String","$value":"fake-vsd-19ef7eb7-f37b-468a-88fc-a1004364b2be"},"DN":{"$type":"System.String","$value":""},"Mail":{"$type":"System.String","$value":"fake-vsd-19ef7eb7-f37b-468a-88fc-a1004364b2be@someprovider.com"},"SpecialType":{"$type":"System.String","$value":"Generic"},"ComplianceValidated":{"$type":"System.DateTime","$value":"2018-07-03T00:00:00Z"},"DirectoryAlias":{"$type":"System.String","$value":"fake-vsd-19ef7eb7-f37b-468a-88fc-a1004364b2be"}},"ResourceVersion":2,"MetaTypeId":255}&#xD;
00:00.240  Created User successfully.&#xD;
00:00.240  Client Credentials called.&#xD;
Getting credentials for descriptor 'System.Security.Principal.WindowsIdentity;S-1-5-21-1389882523-1725124155-1294357522-2876126695-1192065732-1805299334-362228598' =&gt; Authorization: Bearer eyJ0eXAiOiJKV1QiLCJhbGciOiJOb25lIn0.eyJuYW1laWQiOiJTLTEtNS0yMS0xMzg5ODgyNTIzLTE3MjUxMjQxNTUtMTI5NDM1NzUyMi0yODc2MTI2Njk1LTExOTIwNjU3MzItMTgwNTI5OTMzNC0zNjIyMjg1OTgiLCJJZGVudGl0eVR5cGVDbGFpbSI6IlN5c3RlbS5TZWN1cml0eS5QcmluY2lwYWwuV2luZG93c0lkZW50aXR5IiwiaXNzIjoiTDIiLCJhdWQiOiJMMiIsIm5iZiI6MTUzMDU4NzY2NSwiZXhwIjoyNTM0MDIzMDA4MDB9.&#xD;
00:00.240  Client Credentials received successfully.&#xD;
Getting credentials for descriptor 'System.Security.Principal.WindowsIdentity;S-1-5-21-1389882523-1725124155-1294357522-2876126695-1192065732-1805299334-362228598' =&gt; Authorization: Bearer eyJ0eXAiOiJKV1QiLCJhbGciOiJOb25lIn0.eyJuYW1laWQiOiJTLTEtNS0yMS0xMzg5ODgyNTIzLTE3MjUxMjQxNTUtMTI5NDM1NzUyMi0yODc2MTI2Njk1LTExOTIwNjU3MzItMTgwNTI5OTMzNC0zNjIyMjg1OTgiLCJJZGVudGl0eVR5cGVDbGFpbSI6IlN5c3RlbS5TZWN1cml0eS5QcmluY2lwYWwuV2luZG93c0lkZW50aXR5IiwiaXNzIjoiTDIiLCJhdWQiOiJMMiIsIm5iZiI6MTUzMDU4NzY2NSwiZXhwIjoyNTM0MDIzMDA4MDB9.&#xD;
00:00.321  Created new TimeoutScope, 'RefreshWorkItemStoreCache:159@1', for 00:01:00 on thread 16.&#xD;
00:00.321  TimeoutScope, 'Test: FindTestSuite:156', has been paused after 00:00:00.0897179.&#xD;
00:00.441  TimeoutScope 'RefreshWorkItemStoreCache:159' ended after '00:00:00.1194127'.&#xD;
00:00.441  TimeoutScope, 'Test: FindTestSuite:156', has been resumed at 00:00:00.0897189.&#xD;
00:01.402  Performing CommonTestBase Cleanup...&#xD;
00:01.402  TimeoutScope 'Test: FindTestSuite:156' ended after '00:00:01.0508309'.&#xD;
00:02.568  Created new TimeoutScope, 'TestFrameworkTestCleanup:160@0', for 00:00:10 on thread 16.&#xD;
00:02.568  TimeoutScope 'TestFrameworkTestCleanup:160' ended after '00:00:00.0000660'.&#xD;
00:02.568  Test End: 7/2/2018 8:14:27 PM (local) / 7/3/2018 3:14:27 AM (UTC).</StdOut></Output></UnitTestResult><UnitTestResult executionId="6fb64c84-a7e4-4bb6-a3d7-5bbc243be77b" testId="7ba8efab-a80a-92f1-7a75-601f23212762" testName="SuiteUpdate" computerName="V-NAGAB77931A" duration="00:00:04.0652432" startTime="2018-07-02T20:13:32.1977626-07:00" endTime="2018-07-02T20:13:36.2599017-07:00" testType="13cdc9d9-ddb5-4fa4-a97d-d965ccfc6d4b" outcome="Passed" testListId="8c84fa94-04c1-424b-9868-57a2d4851a1d" relativeResultsDirectory="6fb64c84-a7e4-4bb6-a3d7-5bbc243be77b"><Output><StdOut>Debug Trace:
00:00.000  Test Start: 7/2/2018 8:13:32 PM (local) / 7/3/2018 3:13:32 AM (UTC)&#xD;
00:00.000  Random Seed for this test: 1217440538&#xD;
00:00.000  Created new TimeoutScope, 'Test: SuiteUpdate:86@0', for 00:00:30 on thread 16.&#xD;
00:00.000  Created new TimeoutScope, 'TestFrameworkTestInitialize:87@1', for 00:00:10 on thread 16.&#xD;
00:00.000  TimeoutScope, 'Test: SuiteUpdate:86', has been paused after 00:00:00.0000338.&#xD;
00:00.000  TimeoutScope 'TestFrameworkTestInitialize:87' ended after '00:00:00.0000304'.&#xD;
00:00.000  TimeoutScope, 'Test: SuiteUpdate:86', has been resumed at 00:00:00.0000345.&#xD;
00:00.000  TagHelper is getting a tag 'Project.PrivateAgileGit' on host 'de108ff5-f4a8-4948-b1ec-3147b31f1465'.&#xD;
00:00.000  TagHelper found cached tag 'Project.PrivateAgileGit' on host 'de108ff5-f4a8-4948-b1ec-3147b31f1465' with value '05e49bc7-ac67-4dc4-b85e-4a41b611b532'.&#xD;
00:00.000  Searching for project '05e49bc7-ac67-4dc4-b85e-4a41b611b532'.&#xD;
00:00.001  Web method running: [http://v-nagab77931a:8080/tfs/46407190-89f3-4e58-9bad-783cbf2637fb_/_apis/projects/05e49bc7-ac67-4dc4-b85e-4a41b611b532?includeHistory=False] (GET)05e49bc7-ac67-4dc4-b85e-4a41b611b532[projects] E2EId: 6cf0d364-b390-4e34-a9e3-b72adaeebe7e&#xD;
00:00.008  Web method response: [http://v-nagab77931a:8080/tfs/46407190-89f3-4e58-9bad-783cbf2637fb_/_apis/projects/05e49bc7-ac67-4dc4-b85e-4a41b611b532?includeHistory=False] (GET)05e49bc7-ac67-4dc4-b85e-4a41b611b532[projects] E2EId: 6cf0d364-b390-4e34-a9e3-b72adaeebe7e, ActivityId: 68e95306-022d-4bd6-90df-91127d95539f 7 ms&#xD;
00:00.008  Found matching project 'sdentifies people online. Impllowssy!n8d5e05805548ee6' (05e49bc7-ac67-4dc4-b85e-4a41b611b532).&#xD;
00:00.008  Create User called.&#xD;
00:00.008  IdentityHelperClient.CreateUser called with user properties {"$type":"Vssf.TestFramework.Client.Common.CreateUserProperties, Vssf.TestFramework.Client.Common","EntityType":"User","OriginDirectory":null,"HomeDirectory":null,"TenantId":null,"OriginId":"00000000-0000-0000-0000-000000000000","LocalId":"00000000-0000-0000-0000-000000000000","MasterId":"00000000-0000-0000-0000-000000000000","PrincipalName":null,"DisplayName":null,"Profile":null,"License":4,"LocalGroups":[{"$type":"Vssf.TestFramework.Client.Common.GroupReference, Vssf.TestFramework.Client.Common","Identifier":"S-1-9-1551374245-1204400969-2402986413-2179408616-0-0-0-0-1"}],"LocalPermissions":null,"UserType":0,"CreateUserTranslations":null}&#xD;
00:00.008  Created new TimeoutScope, 'CreateUser:88@1', for 00:00:30 on thread 16.&#xD;
00:00.008  TimeoutScope, 'Test: SuiteUpdate:86', has been paused after 00:00:00.0084692.&#xD;
00:00.008  IdentityHelperClient.AddMember was called with parameters {"$type":"Vssf.TestFramework.Client.L2.Identity.AddMemberRequest, Vssf.TestFramework.Client.L2","EntityDescriptor":{"$type":"Microsoft.VisualStudio.Services.Directories.DirectoryEntityDescriptor, Microsoft.VisualStudio.Services.WebApi","entityType":"User","originDirectory":null,"localId":null,"originId":null,"invitationMethod":"CreateUser@TeamFoundationServer","createIfNotFound":true},"Profile":null,"License":"Optimal","LocalGroups":["S-1-9-1551374245-1204400969-2402986413-2179408616-0-0-0-0-1"]}&#xD;
00:00.088  Web method running: [http://v-nagab77931a:8080/tfs/46407190-89f3-4e58-9bad-783cbf2637fb_/_apis/Directory/Members?license=Optimal&amp;localGroups=S-1-9-1551374245-1204400969-2402986413-2179408616-0-0-0-0-1&amp;propertiesToReturn=LocalDescriptor] (POST)Members[Directory] E2EId: ad33ce3d-f5d2-4346-99c3-4c22ef7b78c9&#xD;
00:00.192  Web method response: [http://v-nagab77931a:8080/tfs/46407190-89f3-4e58-9bad-783cbf2637fb_/_apis/Directory/Members?license=Optimal&amp;localGroups=S-1-9-1551374245-1204400969-2402986413-2179408616-0-0-0-0-1&amp;propertiesToReturn=LocalDescriptor] (POST)Members[Directory] E2EId: ad33ce3d-f5d2-4346-99c3-4c22ef7b78c9, ActivityId: 68e95307-022d-4bd6-90df-91127d95539f 103 ms&#xD;
00:00.192  DirectoryHttpClient.AddMemberAsync returned {"$type":"Microsoft.VisualStudio.Services.Directories.DirectoryEntityResult, Microsoft.VisualStudio.Services.WebApi","Entity":{"$type":"Microsoft.VisualStudio.Services.Directories.DirectoryUser, Microsoft.VisualStudio.Services.WebApi","EntityId":"vss.ds.v1.ims.user.1bdc0516c3864798840920347d944e47","EntityType":"User","OriginDirectory":"vsd","OriginId":"1bdc0516-c386-4798-8409-20347d944e47","LocalDirectory":"vsd","LocalId":"1bdc0516-c386-4798-8409-20347d944e47","principalName":"fake-vsd-ee8c9260-e5c7-4080-a256-13117966319f","displayName":"fake-vsd-ee8c9260-e5c7-4080-a256-13117966319f","localDescriptor":"System.Security.Principal.WindowsIdentity;S-1-5-21-1389882523-1725124155-1294357522-977715200-1252007251-3371078533-4238405449"},"EntityState":"LocalCreate","Status":"Success"}&#xD;
00:00.226  Web method running: [http://v-nagab77931a:8080/tfs/46407190-89f3-4e58-9bad-783cbf2637fb_/_apis/Identities/1bdc0516-c386-4798-8409-20347d944e47?queryMembership=Direct] (GET)1bdc0516-c386-4798-8409-20347d944e47[Identities] E2EId: 43ce3bac-b774-433a-aab4-ae11641ec63a&#xD;
00:00.240  Web method response: [http://v-nagab77931a:8080/tfs/46407190-89f3-4e58-9bad-783cbf2637fb_/_apis/Identities/1bdc0516-c386-4798-8409-20347d944e47?queryMembership=Direct] (GET)1bdc0516-c386-4798-8409-20347d944e47[Identities] E2EId: 43ce3bac-b774-433a-aab4-ae11641ec63a, ActivityId: 68e95308-022d-4bd6-90df-91127d95539f 14 ms&#xD;
00:00.240  TimeoutScope 'CreateUser:88' ended after '00:00:00.2320794'.&#xD;
00:00.240  TimeoutScope, 'Test: SuiteUpdate:86', has been resumed at 00:00:00.0084701.&#xD;
[...]
2ffff"><Owners><Owner name="vstlmtcm" /></Owners><TestCategory><TestCategoryItem TestCategory="Requires.OnPremises" /><TestCategoryItem TestCategory="TestTarget.Tfs" /><TestCategoryItem TestCategory="Team.TCM" /></TestCategory><Execution id="c88fa093-1547-40ef-933b-b991fd3691bb" /><TestMethod codeBase="C:\t1\_work\t\TCM ExtendedClient L2 OnPrem\Tcm.Tfs.ExtendedClient.L2.Tests.dll" adapterTypeName="executor://mstestadapter/v2" className="Tcm.Tfs.ExtendedClient.L2.Tests.SuiteTests" name="NameValidationChildWithSameNameAsParent" /></UnitTest><UnitTest name="StaticSuiteCreateInvalidTestCaseEntry" storage="c:\t1\_work\t\tcm extendedclient l2 onprem\tcm.tfs.extendedclient.l2.tests.dll" priority="2" id="76300605-2793-0614-85fd-355b4b8e6a03"><Owners><Owner name="vstlmtcm" /></Owners><TestCategory><TestCategoryItem TestCategory="Requires.OnPremises" /><TestCategoryItem TestCategory="TestTarget.Tfs" /><TestCategoryItem TestCategory="Team.TCM" /></TestCategory><Execution id="59f7c74a-583b-42b0-b82d-a58bf980be7d" /><TestMethod codeBase="C:\t1\_work\t\TCM ExtendedClient L2 OnPrem\Tcm.Tfs.ExtendedClient.L2.Tests.dll" adapterTypeName="executor://mstestadapter/v2" className="Tcm.Tfs.ExtendedClient.L2.Tests.SuiteTests" name="StaticSuiteCreateInvalidTestCaseEntry" /></UnitTest><UnitTest name="TcmConfigSettings" storage="c:\t1\_work\t\tcm extendedclient l2 onprem\tcm.tfs.extendedclient.l2.tests.dll" priority="2" id="a5db2561-2567-ad67-fd50-a50413f13a8d"><Owners><Owner name="vstlmtcm" /></Owners><TestCategory><TestCategoryItem TestCategory="Team.TCM" /><TestCategoryItem TestCategory="TestTarget.Tfs" /></TestCategory><Execution id="440bb4de-bf76-41d1-a6ee-39ee0035b758" /><TestMethod codeBase="C:\t1\_work\t\TCM ExtendedClient L2 OnPrem\Tcm.Tfs.ExtendedClient.L2.Tests.dll" adapterTypeName="executor://mstestadapter/v2" className="Tcm.Tfs.ExtendedClient.L2.Tests.TestManagementBasics" name="TcmConfigSettings" /></UnitTest><UnitTest name="TestSuiteDeleteCheckingRevision" storage="c:\t1\_work\t\tcm extendedclient l2 onprem\tcm.tfs.extendedclient.l2.tests.dll" priority="2" id="d091fb9f-6a31-7a25-1817-893b9681639d"><Owners><Owner name="vstlmtcm" /></Owners><TestCategory><TestCategoryItem TestCategory="Requires.OnPremises" /><TestCategoryItem TestCategory="TestTarget.Tfs" /><TestCategoryItem TestCategory="Team.TCM" /></TestCategory><Execution id="100cbb92-f5b7-40a0-9239-a21b32ab6e69" /><TestMethod codeBase="C:\t1\_work\t\TCM ExtendedClient L2 OnPrem\Tcm.Tfs.ExtendedClient.L2.Tests.dll" adapterTypeName="executor://mstestadapter/v2" className="Tcm.Tfs.ExtendedClient.L2.Tests.SuiteTests" name="TestSuiteDeleteCheckingRevision" /></UnitTest><UnitTest name="VerifyTestSuiteState" storage="c:\t1\_work\t\tcm extendedclient l2 onprem\tcm.tfs.extendedclient.l2.tests.dll" priority="2" id="2b5715b9-0363-c6aa-22fa-6e55c981f339"><Owners><Owner name="vstlmtcm" /></Owners><TestCategory><TestCategoryItem TestCategory="Requires.OnPremises" /><TestCategoryItem TestCategory="TestTarget.Tfs" /><TestCategoryItem TestCategory="Team.TCM" /></TestCategory><Execution id="6e8121e9-29f5-41aa-a0a0-35b897675df7" /><TestMethod codeBase="C:\t1\_work\t\TCM ExtendedClient L2 OnPrem\Tcm.Tfs.ExtendedClient.L2.Tests.dll" adapterTypeName="executor://mstestadapter/v2" className="Tcm.Tfs.ExtendedClient.L2.Tests.SuiteTests" name="VerifyTestSuiteState" /></UnitTest><UnitTest name="QueryTestSuitesReferencingDuplicateTestCase" storage="c:\t1\_work\t\tcm extendedclient l2 onprem\tcm.tfs.extendedclient.l2.tests.dll" priority="2" id="596d5f49-2b57-ef61-a518-abc98035e919"><Owners><Owner name="vstlmtcm" /></Owners><TestCategory><TestCategoryItem TestCategory="Requires.OnPremises" /><TestCategoryItem TestCategory="TestTarget.Tfs" /><TestCategoryItem TestCategory="Team.TCM" /></TestCategory><Execution id="8121f42c-c433-44eb-bc69-e49ab598c1c9" /><TestMethod codeBase="C:\t1\_work\t\TCM ExtendedClient L2 OnPrem\Tcm.Tfs.ExtendedClient.L2.Tests.dll" adapterTypeName="executor://mstestadapter/v2" className="Tcm.Tfs.ExtendedClient.L2.Tests.SuiteTests" name="QueryTestSuitesReferencingDuplicateTestCase" /></UnitTest><UnitTest name="StaticSuiteGetEntriesNull" storage="c:\t1\_work\t\tcm extendedclient l2 onprem\tcm.tfs.extendedclient.l2.tests.dll" priority="2" id="55aca388-0022-77b8-bb53-ce4db7574b2a"><Owners><Owner name="vstlmtcm" /></Owners><TestCategory><TestCategoryItem TestCategory="Requires.OnPremises" /><TestCategoryItem TestCategory="TestTarget.Tfs" /><TestCategoryItem TestCategory="Team.TCM" /></TestCategory><Execution id="602c9d7b-4aa7-4063-a769-59249c919977" /><TestMethod codeBase="C:\t1\_work\t\TCM ExtendedClient L2 OnPrem\Tcm.Tfs.ExtendedClient.L2.Tests.dll" adapterTypeName="executor://mstestadapter/v2" className="Tcm.Tfs.ExtendedClient.L2.Tests.SuiteTests" name="StaticSuiteGetEntriesNull" /></UnitTest><UnitTest name="NestedSuites" storage="c:\t1\_work\t\tcm extendedclient l2 onprem\tcm.tfs.extendedclient.l2.tests.dll" priority="2" id="0e4139e8-61f9-59cd-b189-6bdb185be76e"><Owners><Owner name="vstlmtcm" /></Owners><TestCategory><TestCategoryItem TestCategory="Requires.OnPremises" /><TestCategoryItem TestCategory="TestTarget.Tfs" /><TestCategoryItem TestCategory="Team.TCM" /></TestCategory><Execution id="a80e3d91-a341-46e5-bb52-84f3e5d3b62b" /><TestMethod codeBase="C:\t1\_work\t\TCM ExtendedClient L2 OnPrem\Tcm.Tfs.ExtendedClient.L2.Tests.dll" adapterTypeName="executor://mstestadapter/v2" className="Tcm.Tfs.ExtendedClient.L2.Tests.SuiteTests" name="NestedSuites" /></UnitTest><UnitTest name="SuiteCreatesUpdatesParent" storage="c:\t1\_work\t\tcm extendedclient l2 onprem\tcm.tfs.extendedclient.l2.tests.dll" priority="2" id="ddf78c3d-ab16-17cb-fc38-42f98c325a12"><Owners><Owner name="vstlmtcm" /></Owners><TestCategory><TestCategoryItem TestCategory="Requires.OnPremises" /><TestCategoryItem TestCategory="TestTarget.Tfs" /><TestCategoryItem TestCategory="Team.TCM" /></TestCategory><Execution id="638d5c59-f149-4b23-9adc-656a17c779ae" /><TestMethod codeBase="C:\t1\_work\t\TCM ExtendedClient L2 OnPrem\Tcm.Tfs.ExtendedClient.L2.Tests.dll" adapterTypeName="executor://mstestadapter/v2" className="Tcm.Tfs.ExtendedClient.L2.Tests.SuiteTests" name="SuiteCreatesUpdatesParent" /></UnitTest><UnitTest name="VerifyTestCaseCount" storage="c:\t1\_work\t\tcm extendedclient l2 onprem\tcm.tfs.extendedclient.l2.tests.dll" priority="2" id="c6073141-e400-55f3-54e3-63fd9e23a57e"><Owners><Owner name="vstlmtcm" /></Owners><TestCategory><TestCategoryItem TestCategory="Requires.OnPremises" /><TestCategoryItem TestCategory="TestTarget.Tfs" /><TestCategoryItem TestCategory="Team.TCM" /></TestCategory><Execution id="481addda-1419-485c-962f-8e921d04bb7a" /><TestMethod codeBase="C:\t1\_work\t\TCM ExtendedClient L2 OnPrem\Tcm.Tfs.ExtendedClient.L2.Tests.dll" adapterTypeName="executor://mstestadapter/v2" className="Tcm.Tfs.ExtendedClient.L2.Tests.SuiteTests" name="VerifyTestCaseCount" /></UnitTest><UnitTest name="DynamicSuiteRepopulate" storage="c:\t1\_work\t\tcm extendedclient l2 onprem\tcm.tfs.extendedclient.l2.tests.dll" priority="2" id="dcc48eb0-a844-762d-71e0-5299c2181aa3"><Owners><Owner name="vstlmtcm" /></Owners><TestCategory><TestCategoryItem TestCategory="Requires.OnPremises" /><TestCategoryItem TestCategory="TestTarget.Tfs" /><TestCategoryItem TestCategory="Team.TCM" /></TestCategory><Execution id="946dff9c-29c8-4165-8e89-deb26203162c" /><TestMethod codeBase="C:\t1\_work\t\TCM ExtendedClient L2 OnPrem\Tcm.Tfs.ExtendedClient.L2.Tests.dll" adapterTypeName="executor://mstestadapter/v2" className="Tcm.Tfs.ExtendedClient.L2.Tests.SuiteTests" name="DynamicSuiteRepopulate" /></UnitTest><UnitTest name="DynamicHierarchicalSuiteWithQueryReturningBugsAndTestCases" storage="c:\t1\_work\t\tcm extendedclient l2 onprem\tcm.tfs.extendedclient.l2.tests.dll" priority="2" id="e4f84835-01eb-e75c-515e-8656faaeddd7"><Owners><Owner name="vstlmtcm" /></Owners><TestCategory><TestCategoryItem TestCategory="Requires.OnPremises" /><TestCategoryItem TestCategory="TestTarget.Tfs" /><TestCategoryItem TestCategory="Team.TCM" /></TestCategory><Execution id="d116cbee-07ed-46a1-8994-1b3360420784" /><TestMethod codeBase="C:\t1\_work\t\TCM ExtendedClient L2 OnPrem\Tcm.Tfs.ExtendedClient.L2.Tests.dll" adapterTypeName="executor://mstestadapter/v2" className="Tcm.Tfs.ExtendedClient.L2.Tests.SuiteTests" name="DynamicHierarchicalSuiteWithQueryReturningBugsAndTestCases" /></UnitTest><UnitTest name="FindTestSuite" storage="c:\t1\_work\t\tcm extendedclient l2 onprem\tcm.tfs.extendedclient.l2.tests.dll" priority="2" id="bb3fc108-e107-0f83-889c-b176c596eecc"><Owners><Owner name="vstlmtcm" /></Owners><TestCategory><TestCategoryItem TestCategory="Requires.OnPremises" /><TestCategoryItem TestCategory="TestTarget.Tfs" /><TestCategoryItem TestCategory="Team.TCM" /></TestCategory><Execution id="c7853c60-0811-43f5-89ab-320550a6aead" /><TestMethod codeBase="C:\t1\_work\t\TCM ExtendedClient L2 OnPrem\Tcm.Tfs.ExtendedClient.L2.Tests.dll" adapterTypeName="executor://mstestadapter/v2" className="Tcm.Tfs.ExtendedClient.L2.Tests.SuiteTests" name="FindTestSuite" /></UnitTest><UnitTest name="AddDuplicateTestCases" storage="c:\t1\_work\t\tcm extendedclient l2 onprem\tcm.tfs.extendedclient.l2.tests.dll" priority="2" id="8d87850f-5b1b-0c9c-e0a0-c56889c0fae5"><Owners><Owner name="vstlmtcm" /></Owners><TestCategory><TestCategoryItem TestCategory="Requires.OnPremises" /><TestCategoryItem TestCategory="TestTarget.Tfs" /><TestCategoryItem TestCategory="Team.TCM" /></TestCategory><Execution id="e7d2c712-cb2a-4e9a-8753-63fbaabe49fa" /><TestMethod codeBase="C:\t1\_work\t\TCM ExtendedClient L2 OnPrem\Tcm.Tfs.ExtendedClient.L2.Tests.dll" adapterTypeName="executor://mstestadapter/v2" className="Tcm.Tfs.ExtendedClient.L2.Tests.SuiteTests" name="AddDuplicateTestCases" /></UnitTest><UnitTest name="TcmFeedback" storage="c:\t1\_work\t\tcm extendedclient l2 onprem\tcm.tfs.extendedclient.l2.tests.dll" priority="2" id="a772556d-25d1-5723-2662-abee54c10cd6"><Owners><Owner name="vstlmtcm" /></Owners><TestCategory><TestCategoryItem TestCategory="Team.TCM" /><TestCategoryItem TestCategory="TestTarget.Tfs" /></TestCategory><Execution id="bd39db2b-7811-46f6-abe7-40caa7a01f11" /><TestMethod codeBase="C:\t1\_work\t\TCM ExtendedClient L2 OnPrem\Tcm.Tfs.ExtendedClient.L2.Tests.dll" adapterTypeName="executor://mstestadapter/v2" className="Tcm.Tfs.ExtendedClient.L2.Tests.TestManagementBasics" name="TcmFeedback" /></UnitTest></TestDefinitions><TestEntries><TestEntry testId="a9a6a987-2186-23b2-456a-70960f444b9f" executionId="7b9c184a-53b8-4adb-83ab-ec25501133f5" testListId="8c84fa94-04c1-424b-9868-57a2d4851a1d" /><TestEntry testId="60bf5eec-aefc-c280-4f69-3dceb41a2f6b" executionId="756d2429-3957-4e51-8e64-3d1e441893c2" testListId="8c84fa94-04c1-424b-9868-57a2d4851a1d" /><TestEntry testId="bb3fc108-e107-0f83-889c-b176c596eecc" executionId="c7853c60-0811-43f5-89ab-320550a6aead" testListId="8c84fa94-04c1-424b-9868-57a2d4851a1d" /><TestEntry testId="7ba8efab-a80a-92f1-7a75-601f23212762" executionId="6fb64c84-a7e4-4bb6-a3d7-5bbc243be77b" testListId="8c84fa94-04c1-424b-9868-57a2d4851a1d" /><TestEntry testId="f9057581-aedc-99aa-b856-2f016e802061" executionId="6c27b3e7-6e3a-424a-bcac-a33018c579d2" testListId="8c84fa94-04c1-424b-9868-57a2d4851a1d" /><TestEntry testId="596d5f49-2b57-ef61-a518-abc98035e919" executionId="8121f42c-c433-44eb-bc69-e49ab598c1c9" testListId="8c84fa94-04c1-424b-9868-57a2d4851a1d" /><TestEntry testId="ec00b749-44b9-8127-0075-02ab0586bbb7" executionId="22049378-ac91-49a5-850a-a17fd661bc12" testListId="8c84fa94-04c1-424b-9868-57a2d4851a1d" /><TestEntry testId="8e2ddff8-3348-fe77-b0c2-776443e3b5f0" executionId="25bcba4c-071f-4d4b-9d7c-e6679f9c54de" testListId="8c84fa94-04c1-424b-9868-57a2d4851a1d" /><TestEntry testId="55aca388-0022-77b8-bb53-ce4db7574b2a" executionId="602c9d7b-4aa7-4063-a769-59249c919977" testListId="8c84fa94-04c1-424b-9868-57a2d4851a1d" /><TestEntry testId="85f9e471-f34a-aff7-12c5-c0a788c5aed3" executionId="a002739a-1e4e-49b2-bf4a-7776a229e602" testListId="8c84fa94-04c1-424b-9868-57a2d4851a1d" /><TestEntry testId="9e00dc12-4c33-4794-1377-7fc305abdbb9" executionId="8161c587-9ebf-40ef-9668-276f91ae0d64" testListId="8c84fa94-04c1-424b-9868-57a2d4851a1d" /><TestEntry testId="08bffca8-de32-4b19-555f-37bf56091639" executionId="d29a3e85-002f-413b-8c3d-f2ea4941223a" testListId="8c84fa94-04c1-424b-9868-57a2d4851a1d" /><TestEntry testId="a5db2561-2567-ad67-fd50-a50413f13a8d" executionId="440bb4de-bf76-41d1-a6ee-39ee0035b758" testListId="8c84fa94-04c1-424b-9868-57a2d4851a1d" /><TestEntry testId="dcc48eb0-a844-762d-71e0-5299c2181aa3" executionId="946dff9c-29c8-4165-8e89-deb26203162c" testListId="8c84fa94-04c1-424b-9868-57a2d4851a1d" /><TestEntry testId="f75e153f-e7fd-0a73-5eac-e4f2cf80ace4" executionId="cd07ee24-d5f9-4e6e-a59d-d5252d4f3b04" testListId="8c84fa94-04c1-424b-9868-57a2d4851a1d" /><TestEntry testId="ea82e3a0-0456-64fe-31a1-03b45b9c06bc" executionId="c5cec12f-31b2-499f-93b1-8ddabccac83a" testListId="8c84fa94-04c1-424b-9868-57a2d4851a1d" /><TestEntry testId="d5c833bf-4363-d9d0-7179-fb0050d83d20" executionId="6482dfe8-e1f0-46ca-bdd6-c28ee2052633" testListId="8c84fa94-04c1-424b-9868-57a2d4851a1d" /><TestEntry testId="d091fb9f-6a31-7a25-1817-893b9681639d" executionId="100cbb92-f5b7-40a0-9239-a21b32ab6e69" testListId="8c84fa94-04c1-424b-9868-57a2d4851a1d" /><TestEntry testId="0e4139e8-61f9-59cd-b189-6bdb185be76e" executionId="a80e3d91-a341-46e5-bb52-84f3e5d3b62b" testListId="8c84fa94-04c1-424b-9868-57a2d4851a1d" /><TestEntry testId="e4f84835-01eb-e75c-515e-8656faaeddd7" executionId="d116cbee-07ed-46a1-8994-1b3360420784" testListId="8c84fa94-04c1-424b-9868-57a2d4851a1d" /><TestEntry testId="18a3a438-4fd5-6eb4-8077-9afee3bc226e" executionId="db0d8669-7c54-4d0d-a77d-0e27e0f3f0b7" testListId="8c84fa94-04c1-424b-9868-57a2d4851a1d" /><TestEntry testId="efe40946-9872-fd54-1d1c-6fab503f703b" executionId="3517fdda-39c4-4547-bf04-111d0a62ed67" testListId="8c84fa94-04c1-424b-9868-57a2d4851a1d" /><TestEntry testId="a772556d-25d1-5723-2662-abee54c10cd6" executionId="bd39db2b-7811-46f6-abe7-40caa7a01f11" testListId="8c84fa94-04c1-424b-9868-57a2d4851a1d" /><TestEntry testId="c6c18ecb-c51f-2bb2-547b-200e667ae060" executionId="20989c22-de0b-4960-a9b0-9df8cf146920" testListId="8c84fa94-04c1-424b-9868-57a2d4851a1d" /><TestEntry testId="33fa5a02-52de-7791-e3fd-cdf8aa9d0717" executionId="6cb487fc-6606-495b-a867-50acb7aeff0e" testListId="8c84fa94-04c1-424b-9868-57a2d4851a1d" /><TestEntry testId="ecdadaa1-faaf-1d51-621f-0fe5c301d7d4" executionId="51879758-de74-425d-9f03-803892709d37" testListId="8c84fa94-04c1-424b-9868-57a2d4851a1d" /><TestEntry testId="10ee8bc0-2536-08ae-6704-007a275264b4" executionId="b2b2c00d-6a32-4bf1-b4e3-445eb100d2a9" testListId="8c84fa94-04c1-424b-9868-57a2d4851a1d" /><TestEntry testId="beddc6f9-932e-dcaf-f7c5-3cfa4dd96756" executionId="e709e330-7732-4d6f-a365-424edffcf765" testListId="8c84fa94-04c1-424b-9868-57a2d4851a1d" /><TestEntry testId="330ea7ae-0b9e-9937-8450-c46be5e213c5" executionId="c511d265-f6d8-4240-b127-767c05da7169" testListId="8c84fa94-04c1-424b-9868-57a2d4851a1d" /><TestEntry testId="91ab37d7-abfe-8687-3d46-c233c0e7d7ab" executionId="737cc33e-a886-4669-bc1a-dbcef8bc3ecf" testListId="8c84fa94-04c1-424b-9868-57a2d4851a1d" /><TestEntry testId="1b45cd4f-5fd6-5e97-888f-9c82dbfb18c2" executionId="86f3c87b-1332-41aa-885d-e359dddcb119" testListId="8c84fa94-04c1-424b-9868-57a2d4851a1d" /><TestEntry testId="ddf78c3d-ab16-17cb-fc38-42f98c325a12" executionId="638d5c59-f149-4b23-9adc-656a17c779ae" testListId="8c84fa94-04c1-424b-9868-57a2d4851a1d" /><TestEntry testId="08d5ff04-c3f6-f4e5-9a99-b8d24bda2439" executionId="febd0618-3963-4dbb-b056-f8cde8705cb7" testListId="8c84fa94-04c1-424b-9868-57a2d4851a1d" /><TestEntry testId="c92cd6b5-9e2f-fdcd-5039-fbe2b403e491" executionId="4c0b2aaf-5aa6-46f1-891d-e15653923bb2" testListId="8c84fa94-04c1-424b-9868-57a2d4851a1d" /><TestEntry testId="f6373077-429c-be76-9520-54772584698e" executionId="55c24087-3d03-48b0-a969-78ef391494d7" testListId="8c84fa94-04c1-424b-9868-57a2d4851a1d" /><TestEntry testId="76300605-2793-0614-85fd-355b4b8e6a03" executionId="59f7c74a-583b-42b0-b82d-a58bf980be7d" testListId="8c84fa94-04c1-424b-9868-57a2d4851a1d" /><TestEntry testId="efd02bb1-9870-ea93-8102-48824f358f1f" executionId="88b97475-3da6-4648-a04d-f3f07134da5e" testListId="8c84fa94-04c1-424b-9868-57a2d4851a1d" /><TestEntry testId="8d87850f-5b1b-0c9c-e0a0-c56889c0fae5" executionId="e7d2c712-cb2a-4e9a-8753-63fbaabe49fa" testListId="8c84fa94-04c1-424b-9868-57a2d4851a1d" /><TestEntry testId="c89763c0-20d2-9881-6fb5-3100cb355d01" executionId="affefc92-f814-488e-9f5e-b098de5f7077" testListId="8c84fa94-04c1-424b-9868-57a2d4851a1d" /><TestEntry testId="2b5715b9-0363-c6aa-22fa-6e55c981f339" executionId="6e8121e9-29f5-41aa-a0a0-35b897675df7" testListId="8c84fa94-04c1-424b-9868-57a2d4851a1d" /><TestEntry testId="09088c1b-fb8f-7112-e2dc-4ccad4f0caf3" executionId="339c5d3b-b5ba-4ed3-a6b5-a5d90f63673e" testListId="8c84fa94-04c1-424b-9868-57a2d4851a1d" /><TestEntry testId="e967b3f7-fd05-f81f-973d-b8b86a89ccf7" executionId="88256f7e-9c13-4f0a-8bc3-d0e0c78700d2" testListId="8c84fa94-04c1-424b-9868-57a2d4851a1d" /><TestEntry testId="578475d1-8a58-8d09-4f48-569acb0816ca" executionId="41251e7b-0713-4d04-9a6a-c102bbbce573" testListId="8c84fa94-04c1-424b-9868-57a2d4851a1d" /><TestEntry testId="840f3ba2-0f00-43b7-9f0e-ca316c7b07ca" executionId="1718dc42-945d-4cb7-9f36-d45c16247889" testListId="8c84fa94-04c1-424b-9868-57a2d4851a1d" /><TestEntry testId="80356364-6815-b5ae-c91d-bce3b5ac34be" executionId="474dffb8-ed12-4920-9e2f-1db98a0db780" testListId="8c84fa94-04c1-424b-9868-57a2d4851a1d" /><TestEntry testId="a596c63c-39b0-cc40-00a3-9525f0e71712" executionId="98b84430-457f-4034-ae25-3b9d11261276" testListId="8c84fa94-04c1-424b-9868-57a2d4851a1d" /><TestEntry testId="768e0ded-c758-fefb-0593-d4aefaf8cfc0" executionId="ccb52e92-52ea-4822-95ad-39029df11499" testListId="8c84fa94-04c1-424b-9868-57a2d4851a1d" /><TestEntry testId="819d8530-a49d-7066-2460-f196337e87cb" executionId="5bcd11d8-453a-4121-a305-56a36fb31d24" testListId="8c84fa94-04c1-424b-9868-57a2d4851a1d" /><TestEntry testId="c693bc95-c0a2-3b0b-5ee0-e7b23af2ffff" executionId="c88fa093-1547-40ef-933b-b991fd3691bb" testListId="8c84fa94-04c1-424b-9868-57a2d4851a1d" /><TestEntry testId="712ffe21-f87e-2a3d-4218-695b0b0bb55a" executionId="1d686b84-6099-461d-acfb-374632781c30" testListId="8c84fa94-04c1-424b-9868-57a2d4851a1d" /><TestEntry testId="c6073141-e400-55f3-54e3-63fd9e23a57e" executionId="481addda-1419-485c-962f-8e921d04bb7a" testListId="8c84fa94-04c1-424b-9868-57a2d4851a1d" /><TestEntry testId="2a01c8f3-4843-5951-1384-4068422e386c" executionId="ebd4ac4b-3b1b-4bac-91c6-285af0520308" testListId="8c84fa94-04c1-424b-9868-57a2d4851a1d" /><TestEntry testId="6652ef43-b5d8-d5a9-5004-766156737c9e" executionId="2de0ca8a-9ccc-451d-ae84-bfdd4482964a" testListId="8c84fa94-04c1-424b-9868-57a2d4851a1d" /><TestEntry testId="a98a83ad-d1bc-58c3-9916-66b297e900d4" executionId="b78148c2-b3a3-44e3-85a3-576961ef9a9d" testListId="8c84fa94-04c1-424b-9868-57a2d4851a1d" /><TestEntry testId="bae31334-fcd9-f8db-ff1c-5f03ba937678" executionId="3e006521-26e1-40a8-80be-c61ca23352c1" testListId="8c84fa94-04c1-424b-9868-57a2d4851a1d" /><TestEntry testId="f949c239-8ea9-a2ca-994f-edce958bc068" executionId="6c596871-fb23-441a-923e-9257cd875029" testListId="8c84fa94-04c1-424b-9868-57a2d4851a1d" /></TestEntries><TestLists><TestList name="Results Not in a List" id="8c84fa94-04c1-424b-9868-57a2d4851a1d" /><TestList name="All Loaded Results" id="19431567-8539-422a-85d7-44ee4e166bda" /></TestLists><ResultSummary outcome="Completed"><Counters total="56" executed="55" passed="55" failed="0" error="0" timeout="0" aborted="0" inconclusive="0" passedButRunAborted="0" notRunnable="0" notExecuted="0" disconnected="0" warning="0" completed="0" inProgress="0" pending="0" /><Output><StdOut>Test 'TcmManualTestRunScenario' was skipped in the test run.</StdOut></Output></ResultSummary></TestRun>